[0.935s] Invoking command in '/home/kisangpark/workspace/ros2_ws/build/tutorial': PYTHONPATH=/home/kisangpark/workspace/ros2_ws/build/tutorial/prefix_override:/usr/lib/python3/dist-packages/colcon_core/task/python/colcon_distutils_commands:/home/kisangpark/workspace/ros2_ws/install/tutorial/lib/python3.10/site-packages:${PYTHONPATH} /usr/bin/python3 -W ignore:setup.py install is deprecated -W ignore:easy_install command is deprecated setup.py develop --editable --build-directory /home/kisangpark/workspace/ros2_ws/build/tutorial/build --no-deps symlink_data --force
[1.248s] running develop
[1.405s] running egg_info
[1.405s] writing tutorial.egg-info/PKG-INFO
[1.406s] writing dependency_links to tutorial.egg-info/dependency_links.txt
[1.406s] writing entry points to tutorial.egg-info/entry_points.txt
[1.407s] writing requirements to tutorial.egg-info/requires.txt
[1.407s] writing top-level names to tutorial.egg-info/top_level.txt
[1.410s] reading manifest file 'tutorial.egg-info/SOURCES.txt'
[1.411s] writing manifest file 'tutorial.egg-info/SOURCES.txt'
[1.412s] running build_ext
[1.413s] Creating /home/kisangpark/workspace/ros2_ws/install/tutorial/lib/python3.10/site-packages/tutorial.egg-link (link to .)
[1.414s] Installing publisher_example script to /home/kisangpark/workspace/ros2_ws/install/tutorial/lib/tutorial
[1.414s] Installing service_example script to /home/kisangpark/workspace/ros2_ws/install/tutorial/lib/tutorial
[1.414s] Installing subscriber_example script to /home/kisangpark/workspace/ros2_ws/install/tutorial/lib/tutorial
[1.414s] 
[1.414s] Installed /home/kisangpark/workspace/ros2_ws/build/tutorial
[1.415s] running symlink_data
[1.415s] symbolically linking /home/kisangpark/workspace/ros2_ws/build/tutorial/resource/tutorial -> /home/kisangpark/workspace/ros2_ws/install/tutorial/share/ament_index/resource_index/packages
[1.415s] symbolically linking /home/kisangpark/workspace/ros2_ws/build/tutorial/package.xml -> /home/kisangpark/workspace/ros2_ws/install/tutorial/share/tutorial
[1.457s] Invoked command in '/home/kisangpark/workspace/ros2_ws/build/tutorial' returned '0': PYTHONPATH=/home/kisangpark/workspace/ros2_ws/build/tutorial/prefix_override:/usr/lib/python3/dist-packages/colcon_core/task/python/colcon_distutils_commands:/home/kisangpark/workspace/ros2_ws/install/tutorial/lib/python3.10/site-packages:${PYTHONPATH} /usr/bin/python3 -W ignore:setup.py install is deprecated -W ignore:easy_install command is deprecated setup.py develop --editable --build-directory /home/kisangpark/workspace/ros2_ws/build/tutorial/build --no-deps symlink_data --force
