[0.465s] DEBUG:colcon:Command line arguments: ['/usr/bin/colcon', 'build']
[0.465s] DEBUG:colcon:Parsed command line arguments: Namespace(log_base=None, log_level=None, verb_name='build', build_base='build', install_base='install', merge_install=False, symlink_install=False, test_result_base=None, continue_on_error=False, executor='parallel', parallel_workers=8, event_handlers=None, ignore_user_meta=False, metas=['./colcon.meta'], base_paths=['.'], packages_ignore=None, packages_ignore_regex=None, paths=None, packages_up_to=None, packages_up_to_regex=None, packages_above=None, packages_above_and_dependencies=None, packages_above_depth=None, packages_select_by_dep=None, packages_skip_by_dep=None, packages_skip_up_to=None, packages_select_build_failed=False, packages_skip_build_finished=False, packages_select_test_failures=False, packages_skip_test_passed=False, packages_select=None, packages_skip=None, packages_select_regex=None, packages_skip_regex=None, packages_start=None, packages_end=None, allow_overriding=[], cmake_args=None, cmake_target=None, cmake_target_skip_unavailable=False, cmake_clean_cache=False, cmake_clean_first=False, cmake_force_configure=False, ament_cmake_args=None, catkin_cmake_args=None, catkin_skip_building_tests=False, mixin_files=None, mixin=None, verb_parser=<colcon_mixin.mixin.mixin_argument.MixinArgumentDecorator object at 0x7f5364b11b10>, verb_extension=<colcon_core.verb.build.BuildVerb object at 0x7f5364b11660>, main=<bound method BuildVerb.main of <colcon_core.verb.build.BuildVerb object at 0x7f5364b11660>>, mixin_verb=('build',))
[0.919s] Level 1:colcon.colcon_core.package_discovery:discover_packages(colcon_meta) check parameters
[0.919s] Level 1:colcon.colcon_core.package_discovery:discover_packages(recursive) check parameters
[0.920s] Level 1:colcon.colcon_core.package_discovery:discover_packages(ignore) check parameters
[0.920s] Level 1:colcon.colcon_core.package_discovery:discover_packages(path) check parameters
[0.920s] Level 1:colcon.colcon_core.package_discovery:discover_packages(colcon_meta) discover
[0.920s] Level 1:colcon.colcon_core.package_discovery:discover_packages(recursive) discover
[0.920s] INFO:colcon.colcon_core.package_discovery:Crawling recursively for packages in '/home/kisangpark/workspace/ros2_ws'
[0.920s] Level 1:colcon.colcon_core.package_identification:_identify(.) by extensions ['ignore', 'ignore_ament_install']
[0.920s] Level 1:colcon.colcon_core.package_identification:_identify(.) by extension 'ignore'
[0.920s] Level 1:colcon.colcon_core.package_identification:_identify(.) by extension 'ignore_ament_install'
[0.920s] Level 1:colcon.colcon_core.package_identification:_identify(.) by extensions ['colcon_pkg']
[0.920s] Level 1:colcon.colcon_core.package_identification:_identify(.) by extension 'colcon_pkg'
[0.920s] Level 1:colcon.colcon_core.package_identification:_identify(.) by extensions ['colcon_meta']
[0.920s] Level 1:colcon.colcon_core.package_identification:_identify(.) by extension 'colcon_meta'
[0.920s] Level 1:colcon.colcon_core.package_identification:_identify(.) by extensions ['ros']
[0.920s] Level 1:colcon.colcon_core.package_identification:_identify(.) by extension 'ros'
[0.938s] Level 1:colcon.colcon_core.package_identification:_identify(.) by extensions ['cmake', 'python']
[0.939s] Level 1:colcon.colcon_core.package_identification:_identify(.) by extension 'cmake'
[0.939s] Level 1:colcon.colcon_core.package_identification:_identify(.) by extension 'python'
[0.939s] Level 1:colcon.colcon_core.package_identification:_identify(.) by extensions ['python_setup_py']
[0.939s] Level 1:colcon.colcon_core.package_identification:_identify(.) by extension 'python_setup_py'
[0.939s] Level 1:colcon.colcon_core.package_identification:_identify(build) by extensions ['ignore', 'ignore_ament_install']
[0.939s] Level 1:colcon.colcon_core.package_identification:_identify(build) by extension 'ignore'
[0.939s] Level 1:colcon.colcon_core.package_identification:_identify(build) ignored
[0.939s] Level 1:colcon.colcon_core.package_identification:_identify(install) by extensions ['ignore', 'ignore_ament_install']
[0.939s] Level 1:colcon.colcon_core.package_identification:_identify(install) by extension 'ignore'
[0.939s] Level 1:colcon.colcon_core.package_identification:_identify(install) ignored
[0.939s] Level 1:colcon.colcon_core.package_identification:_identify(log) by extensions ['ignore', 'ignore_ament_install']
[0.939s] Level 1:colcon.colcon_core.package_identification:_identify(log) by extension 'ignore'
[0.939s] Level 1:colcon.colcon_core.package_identification:_identify(log) ignored
[0.940s] Level 1:colcon.colcon_core.package_identification:_identify(src) by extensions ['ignore', 'ignore_ament_install']
[0.940s] Level 1:colcon.colcon_core.package_identification:_identify(src) by extension 'ignore'
[0.940s] Level 1:colcon.colcon_core.package_identification:_identify(src) by extension 'ignore_ament_install'
[0.940s] Level 1:colcon.colcon_core.package_identification:_identify(src) by extensions ['colcon_pkg']
[0.940s] Level 1:colcon.colcon_core.package_identification:_identify(src) by extension 'colcon_pkg'
[0.941s] Level 1:colcon.colcon_core.package_identification:_identify(src) by extensions ['colcon_meta']
[0.941s] Level 1:colcon.colcon_core.package_identification:_identify(src) by extension 'colcon_meta'
[0.941s] Level 1:colcon.colcon_core.package_identification:_identify(src) by extensions ['ros']
[0.941s] Level 1:colcon.colcon_core.package_identification:_identify(src) by extension 'ros'
[0.941s] Level 1:colcon.colcon_core.package_identification:_identify(src) by extensions ['cmake', 'python']
[0.941s] Level 1:colcon.colcon_core.package_identification:_identify(src) by extension 'cmake'
[0.941s] Level 1:colcon.colcon_core.package_identification:_identify(src) by extension 'python'
[0.941s] Level 1:colcon.colcon_core.package_identification:_identify(src) by extensions ['python_setup_py']
[0.941s] Level 1:colcon.colcon_core.package_identification:_identify(src) by extension 'python_setup_py'
[0.942s] Level 1:colcon.colcon_core.package_identification:_identify(src/ard_com) by extensions ['ignore', 'ignore_ament_install']
[0.942s] Level 1:colcon.colcon_core.package_identification:_identify(src/ard_com) by extension 'ignore'
[0.942s] Level 1:colcon.colcon_core.package_identification:_identify(src/ard_com) by extension 'ignore_ament_install'
[0.942s] Level 1:colcon.colcon_core.package_identification:_identify(src/ard_com) by extensions ['colcon_pkg']
[0.942s] Level 1:colcon.colcon_core.package_identification:_identify(src/ard_com) by extension 'colcon_pkg'
[0.942s] Level 1:colcon.colcon_core.package_identification:_identify(src/ard_com) by extensions ['colcon_meta']
[0.942s] Level 1:colcon.colcon_core.package_identification:_identify(src/ard_com) by extension 'colcon_meta'
[0.943s] Level 1:colcon.colcon_core.package_identification:_identify(src/ard_com) by extensions ['ros']
[0.943s] Level 1:colcon.colcon_core.package_identification:_identify(src/ard_com) by extension 'ros'
[0.949s] DEBUG:colcon.colcon_core.package_identification:Package 'src/ard_com' with type 'ros.ament_python' and name 'ard_com'
[0.950s] Level 1:colcon.colcon_core.package_identification:_identify(src/tutorial) by extensions ['ignore', 'ignore_ament_install']
[0.950s] Level 1:colcon.colcon_core.package_identification:_identify(src/tutorial) by extension 'ignore'
[0.950s] Level 1:colcon.colcon_core.package_identification:_identify(src/tutorial) by extension 'ignore_ament_install'
[0.950s] Level 1:colcon.colcon_core.package_identification:_identify(src/tutorial) by extensions ['colcon_pkg']
[0.950s] Level 1:colcon.colcon_core.package_identification:_identify(src/tutorial) by extension 'colcon_pkg'
[0.950s] Level 1:colcon.colcon_core.package_identification:_identify(src/tutorial) by extensions ['colcon_meta']
[0.950s] Level 1:colcon.colcon_core.package_identification:_identify(src/tutorial) by extension 'colcon_meta'
[0.950s] Level 1:colcon.colcon_core.package_identification:_identify(src/tutorial) by extensions ['ros']
[0.950s] Level 1:colcon.colcon_core.package_identification:_identify(src/tutorial) by extension 'ros'
[0.951s] DEBUG:colcon.colcon_core.package_identification:Package 'src/tutorial' with type 'ros.ament_python' and name 'tutorial'
[0.951s] Level 1:colcon.colcon_core.package_discovery:discover_packages(recursive) using defaults
[0.952s] Level 1:colcon.colcon_core.package_discovery:discover_packages(ignore) discover
[0.952s] Level 1:colcon.colcon_core.package_discovery:discover_packages(ignore) using defaults
[0.952s] Level 1:colcon.colcon_core.package_discovery:discover_packages(path) discover
[0.952s] Level 1:colcon.colcon_core.package_discovery:discover_packages(path) using defaults
[1.017s] Level 1:colcon.colcon_core.package_discovery:discover_packages(prefix_path) check parameters
[1.017s] Level 1:colcon.colcon_core.package_discovery:discover_packages(prefix_path) discover
[1.027s] DEBUG:colcon.colcon_installed_package_information.package_discovery:Found 2 installed packages in /home/kisangpark/workspace/ros2_ws/install
[1.030s] DEBUG:colcon.colcon_installed_package_information.package_discovery:Found 271 installed packages in /opt/ros/humble
[1.032s] Level 1:colcon.colcon_core.package_discovery:discover_packages(prefix_path) using defaults
[1.178s] Level 5:colcon.colcon_core.verb:set package 'ard_com' build argument 'cmake_args' from command line to 'None'
[1.178s] Level 5:colcon.colcon_core.verb:set package 'ard_com' build argument 'cmake_target' from command line to 'None'
[1.179s] Level 5:colcon.colcon_core.verb:set package 'ard_com' build argument 'cmake_target_skip_unavailable' from command line to 'False'
[1.179s] Level 5:colcon.colcon_core.verb:set package 'ard_com' build argument 'cmake_clean_cache' from command line to 'False'
[1.179s] Level 5:colcon.colcon_core.verb:set package 'ard_com' build argument 'cmake_clean_first' from command line to 'False'
[1.179s] Level 5:colcon.colcon_core.verb:set package 'ard_com' build argument 'cmake_force_configure' from command line to 'False'
[1.179s] Level 5:colcon.colcon_core.verb:set package 'ard_com' build argument 'ament_cmake_args' from command line to 'None'
[1.179s] Level 5:colcon.colcon_core.verb:set package 'ard_com' build argument 'catkin_cmake_args' from command line to 'None'
[1.179s] Level 5:colcon.colcon_core.verb:set package 'ard_com' build argument 'catkin_skip_building_tests' from command line to 'False'
[1.179s] DEBUG:colcon.colcon_core.verb:Building package 'ard_com' with the following arguments: {'ament_cmake_args': None, 'build_base': '/home/kisangpark/workspace/ros2_ws/build/ard_com', 'catkin_cmake_args': None, 'catkin_skip_building_tests': False, 'cmake_args': None, 'cmake_clean_cache': False, 'cmake_clean_first': False, 'cmake_force_configure': False, 'cmake_target': None, 'cmake_target_skip_unavailable': False, 'install_base': '/home/kisangpark/workspace/ros2_ws/install/ard_com', 'merge_install': False, 'path': '/home/kisangpark/workspace/ros2_ws/src/ard_com', 'symlink_install': False, 'test_result_base': None}
[1.179s] Level 5:colcon.colcon_core.verb:set package 'tutorial' build argument 'cmake_args' from command line to 'None'
[1.179s] Level 5:colcon.colcon_core.verb:set package 'tutorial' build argument 'cmake_target' from command line to 'None'
[1.179s] Level 5:colcon.colcon_core.verb:set package 'tutorial' build argument 'cmake_target_skip_unavailable' from command line to 'False'
[1.179s] Level 5:colcon.colcon_core.verb:set package 'tutorial' build argument 'cmake_clean_cache' from command line to 'False'
[1.179s] Level 5:colcon.colcon_core.verb:set package 'tutorial' build argument 'cmake_clean_first' from command line to 'False'
[1.179s] Level 5:colcon.colcon_core.verb:set package 'tutorial' build argument 'cmake_force_configure' from command line to 'False'
[1.179s] Level 5:colcon.colcon_core.verb:set package 'tutorial' build argument 'ament_cmake_args' from command line to 'None'
[1.179s] Level 5:colcon.colcon_core.verb:set package 'tutorial' build argument 'catkin_cmake_args' from command line to 'None'
[1.179s] Level 5:colcon.colcon_core.verb:set package 'tutorial' build argument 'catkin_skip_building_tests' from command line to 'False'
[1.179s] DEBUG:colcon.colcon_core.verb:Building package 'tutorial' with the following arguments: {'ament_cmake_args': None, 'build_base': '/home/kisangpark/workspace/ros2_ws/build/tutorial', 'catkin_cmake_args': None, 'catkin_skip_building_tests': False, 'cmake_args': None, 'cmake_clean_cache': False, 'cmake_clean_first': False, 'cmake_force_configure': False, 'cmake_target': None, 'cmake_target_skip_unavailable': False, 'install_base': '/home/kisangpark/workspace/ros2_ws/install/tutorial', 'merge_install': False, 'path': '/home/kisangpark/workspace/ros2_ws/src/tutorial', 'symlink_install': False, 'test_result_base': None}
[1.179s] INFO:colcon.colcon_core.executor:Executing jobs using 'parallel' executor
[1.182s] DEBUG:colcon.colcon_parallel_executor.executor.parallel:run_until_complete
[1.182s] INFO:colcon.colcon_ros.task.ament_python.build:Building ROS package in '/home/kisangpark/workspace/ros2_ws/src/ard_com' with build type 'ament_python'
[1.183s] Level 1:colcon.colcon_core.shell:create_environment_hook('ard_com', 'ament_prefix_path')
[1.198s] INFO:colcon.colcon_core.plugin_system:Skipping extension 'colcon_core.shell.bat': Not used on non-Windows systems
[1.198s] INFO:colcon.colcon_core.shell:Creating environment hook '/home/kisangpark/workspace/ros2_ws/install/ard_com/share/ard_com/hook/ament_prefix_path.ps1'
[1.201s] INFO:colcon.colcon_core.shell:Creating environment descriptor '/home/kisangpark/workspace/ros2_ws/install/ard_com/share/ard_com/hook/ament_prefix_path.dsv'
[1.204s] INFO:colcon.colcon_core.shell:Creating environment hook '/home/kisangpark/workspace/ros2_ws/install/ard_com/share/ard_com/hook/ament_prefix_path.sh'
[1.206s] INFO:colcon.colcon_core.shell:Skip shell extension 'powershell' for command environment: Not usable outside of PowerShell
[1.206s] DEBUG:colcon.colcon_core.shell:Skip shell extension 'dsv' for command environment
[1.213s] INFO:colcon.colcon_ros.task.ament_python.build:Building ROS package in '/home/kisangpark/workspace/ros2_ws/src/tutorial' with build type 'ament_python'
[1.213s] Level 1:colcon.colcon_core.shell:create_environment_hook('tutorial', 'ament_prefix_path')
[1.213s] INFO:colcon.colcon_core.shell:Creating environment hook '/home/kisangpark/workspace/ros2_ws/install/tutorial/share/tutorial/hook/ament_prefix_path.ps1'
[1.214s] INFO:colcon.colcon_core.shell:Creating environment descriptor '/home/kisangpark/workspace/ros2_ws/install/tutorial/share/tutorial/hook/ament_prefix_path.dsv'
[1.215s] INFO:colcon.colcon_core.shell:Creating environment hook '/home/kisangpark/workspace/ros2_ws/install/tutorial/share/tutorial/hook/ament_prefix_path.sh'
[1.216s] INFO:colcon.colcon_core.shell:Skip shell extension 'powershell' for command environment: Not usable outside of PowerShell
[1.216s] DEBUG:colcon.colcon_core.shell:Skip shell extension 'dsv' for command environment
[1.532s] INFO:colcon.colcon_core.task.python.build:Building Python package in '/home/kisangpark/workspace/ros2_ws/src/ard_com'
[1.532s] INFO:colcon.colcon_core.shell:Skip shell extension 'powershell' for command environment: Not usable outside of PowerShell
[1.532s] DEBUG:colcon.colcon_core.shell:Skip shell extension 'dsv' for command environment
[1.798s] INFO:colcon.colcon_core.task.python.build:Building Python package in '/home/kisangpark/workspace/ros2_ws/src/tutorial'
[1.798s] INFO:colcon.colcon_core.shell:Skip shell extension 'powershell' for command environment: Not usable outside of PowerShell
[1.798s] DEBUG:colcon.colcon_core.shell:Skip shell extension 'dsv' for command environment
[2.487s] DEBUG:colcon.colcon_core.event_handler.log_command:Invoking command in '/home/kisangpark/workspace/ros2_ws/src/tutorial': PYTHONPATH=/home/kisangpark/workspace/ros2_ws/build/tutorial/prefix_override:/usr/lib/python3/dist-packages/colcon_core/task/python/colcon_distutils_commands:/home/kisangpark/workspace/ros2_ws/install/tutorial/lib/python3.10/site-packages:${PYTHONPATH} /usr/bin/python3 -W ignore:setup.py install is deprecated -W ignore:easy_install command is deprecated setup.py egg_info --egg-base ../../build/tutorial build --build-base /home/kisangpark/workspace/ros2_ws/build/tutorial/build install --record /home/kisangpark/workspace/ros2_ws/build/tutorial/install.log --single-version-externally-managed install_data
[2.499s] DEBUG:colcon.colcon_core.event_handler.log_command:Invoking command in '/home/kisangpark/workspace/ros2_ws/src/ard_com': PYTHONPATH=/home/kisangpark/workspace/ros2_ws/build/ard_com/prefix_override:/usr/lib/python3/dist-packages/colcon_core/task/python/colcon_distutils_commands:/home/kisangpark/workspace/ros2_ws/install/ard_com/lib/python3.10/site-packages:${PYTHONPATH} /usr/bin/python3 -W ignore:setup.py install is deprecated -W ignore:easy_install command is deprecated setup.py egg_info --egg-base ../../build/ard_com build --build-base /home/kisangpark/workspace/ros2_ws/build/ard_com/build install --record /home/kisangpark/workspace/ros2_ws/build/ard_com/install.log --single-version-externally-managed install_data
[2.803s] DEBUG:colcon.colcon_core.event_handler.log_command:Invoked command in '/home/kisangpark/workspace/ros2_ws/src/ard_com' returned '0': PYTHONPATH=/home/kisangpark/workspace/ros2_ws/build/ard_com/prefix_override:/usr/lib/python3/dist-packages/colcon_core/task/python/colcon_distutils_commands:/home/kisangpark/workspace/ros2_ws/install/ard_com/lib/python3.10/site-packages:${PYTHONPATH} /usr/bin/python3 -W ignore:setup.py install is deprecated -W ignore:easy_install command is deprecated setup.py egg_info --egg-base ../../build/ard_com build --build-base /home/kisangpark/workspace/ros2_ws/build/ard_com/build install --record /home/kisangpark/workspace/ros2_ws/build/ard_com/install.log --single-version-externally-managed install_data
[2.813s] Level 1:colcon.colcon_core.environment:checking '/home/kisangpark/workspace/ros2_ws/install/ard_com' for CMake module files
[2.814s] Level 1:colcon.colcon_core.environment:checking '/home/kisangpark/workspace/ros2_ws/install/ard_com' for CMake config files
[2.815s] Level 1:colcon.colcon_core.environment:checking '/home/kisangpark/workspace/ros2_ws/install/ard_com/lib'
[2.815s] Level 1:colcon.colcon_core.environment:checking '/home/kisangpark/workspace/ros2_ws/install/ard_com/bin'
[2.815s] Level 1:colcon.colcon_core.environment:checking '/home/kisangpark/workspace/ros2_ws/install/ard_com/lib/pkgconfig/ard_com.pc'
[2.815s] Level 1:colcon.colcon_core.environment:checking '/home/kisangpark/workspace/ros2_ws/install/ard_com/lib/python3.10/site-packages'
[2.815s] Level 1:colcon.colcon_core.shell:create_environment_hook('ard_com', 'pythonpath')
[2.815s] INFO:colcon.colcon_core.shell:Creating environment hook '/home/kisangpark/workspace/ros2_ws/install/ard_com/share/ard_com/hook/pythonpath.ps1'
[2.816s] INFO:colcon.colcon_core.shell:Creating environment descriptor '/home/kisangpark/workspace/ros2_ws/install/ard_com/share/ard_com/hook/pythonpath.dsv'
[2.816s] INFO:colcon.colcon_core.shell:Creating environment hook '/home/kisangpark/workspace/ros2_ws/install/ard_com/share/ard_com/hook/pythonpath.sh'
[2.817s] Level 1:colcon.colcon_core.environment:checking '/home/kisangpark/workspace/ros2_ws/install/ard_com/bin'
[2.817s] Level 1:colcon.colcon_core.environment:create_environment_scripts_only(ard_com)
[2.817s] INFO:colcon.colcon_core.shell:Creating package script '/home/kisangpark/workspace/ros2_ws/install/ard_com/share/ard_com/package.ps1'
[2.819s] INFO:colcon.colcon_core.shell:Creating package descriptor '/home/kisangpark/workspace/ros2_ws/install/ard_com/share/ard_com/package.dsv'
[2.820s] INFO:colcon.colcon_core.shell:Creating package script '/home/kisangpark/workspace/ros2_ws/install/ard_com/share/ard_com/package.sh'
[2.821s] INFO:colcon.colcon_core.shell:Creating package script '/home/kisangpark/workspace/ros2_ws/install/ard_com/share/ard_com/package.bash'
[2.822s] INFO:colcon.colcon_core.shell:Creating package script '/home/kisangpark/workspace/ros2_ws/install/ard_com/share/ard_com/package.zsh'
[2.824s] Level 1:colcon.colcon_core.environment:create_file_with_runtime_dependencies(/home/kisangpark/workspace/ros2_ws/install/ard_com/share/colcon-core/packages/ard_com)
[2.825s] Level 1:colcon.colcon_core.environment:checking '/home/kisangpark/workspace/ros2_ws/install/tutorial' for CMake module files
[2.827s] Level 1:colcon.colcon_core.environment:checking '/home/kisangpark/workspace/ros2_ws/install/tutorial' for CMake config files
[2.828s] DEBUG:colcon.colcon_core.event_handler.log_command:Invoked command in '/home/kisangpark/workspace/ros2_ws/src/tutorial' returned '0': PYTHONPATH=/home/kisangpark/workspace/ros2_ws/build/tutorial/prefix_override:/usr/lib/python3/dist-packages/colcon_core/task/python/colcon_distutils_commands:/home/kisangpark/workspace/ros2_ws/install/tutorial/lib/python3.10/site-packages:${PYTHONPATH} /usr/bin/python3 -W ignore:setup.py install is deprecated -W ignore:easy_install command is deprecated setup.py egg_info --egg-base ../../build/tutorial build --build-base /home/kisangpark/workspace/ros2_ws/build/tutorial/build install --record /home/kisangpark/workspace/ros2_ws/build/tutorial/install.log --single-version-externally-managed install_data
[2.829s] Level 1:colcon.colcon_core.environment:checking '/home/kisangpark/workspace/ros2_ws/install/tutorial/lib'
[2.829s] Level 1:colcon.colcon_core.environment:checking '/home/kisangpark/workspace/ros2_ws/install/tutorial/bin'
[2.829s] Level 1:colcon.colcon_core.environment:checking '/home/kisangpark/workspace/ros2_ws/install/tutorial/lib/pkgconfig/tutorial.pc'
[2.830s] Level 1:colcon.colcon_core.environment:checking '/home/kisangpark/workspace/ros2_ws/install/tutorial/lib/python3.10/site-packages'
[2.830s] Level 1:colcon.colcon_core.shell:create_environment_hook('tutorial', 'pythonpath')
[2.830s] INFO:colcon.colcon_core.shell:Creating environment hook '/home/kisangpark/workspace/ros2_ws/install/tutorial/share/tutorial/hook/pythonpath.ps1'
[2.831s] INFO:colcon.colcon_core.shell:Creating environment descriptor '/home/kisangpark/workspace/ros2_ws/install/tutorial/share/tutorial/hook/pythonpath.dsv'
[2.831s] INFO:colcon.colcon_core.shell:Creating environment hook '/home/kisangpark/workspace/ros2_ws/install/tutorial/share/tutorial/hook/pythonpath.sh'
[2.832s] Level 1:colcon.colcon_core.environment:checking '/home/kisangpark/workspace/ros2_ws/install/tutorial/bin'
[2.832s] Level 1:colcon.colcon_core.environment:create_environment_scripts_only(tutorial)
[2.833s] INFO:colcon.colcon_core.shell:Creating package script '/home/kisangpark/workspace/ros2_ws/install/tutorial/share/tutorial/package.ps1'
[2.833s] INFO:colcon.colcon_core.shell:Creating package descriptor '/home/kisangpark/workspace/ros2_ws/install/tutorial/share/tutorial/package.dsv'
[2.834s] INFO:colcon.colcon_core.shell:Creating package script '/home/kisangpark/workspace/ros2_ws/install/tutorial/share/tutorial/package.sh'
[2.834s] INFO:colcon.colcon_core.shell:Creating package script '/home/kisangpark/workspace/ros2_ws/install/tutorial/share/tutorial/package.bash'
[2.835s] INFO:colcon.colcon_core.shell:Creating package script '/home/kisangpark/workspace/ros2_ws/install/tutorial/share/tutorial/package.zsh'
[2.835s] Level 1:colcon.colcon_core.environment:create_file_with_runtime_dependencies(/home/kisangpark/workspace/ros2_ws/install/tutorial/share/colcon-core/packages/tutorial)
[2.836s] DEBUG:colcon.colcon_parallel_executor.executor.parallel:closing loop
[2.837s] DEBUG:colcon.colcon_parallel_executor.executor.parallel:loop closed
[2.837s] DEBUG:colcon.colcon_parallel_executor.executor.parallel:run_until_complete finished with '0'
[2.837s] DEBUG:colcon.colcon_core.event_reactor:joining thread
[2.902s] INFO:colcon.colcon_core.plugin_system:Skipping extension 'colcon_notification.desktop_notification.notify_send': Could not find 'notify-send'
[2.902s] INFO:colcon.colcon_core.plugin_system:Skipping extension 'colcon_notification.desktop_notification.terminal_notifier': Not used on non-Darwin systems
[2.902s] INFO:colcon.colcon_core.plugin_system:Skipping extension 'colcon_notification.desktop_notification.win32': Not used on non-Windows systems
[2.902s] INFO:colcon.colcon_notification.desktop_notification:Sending desktop notification using 'notify2'
[2.903s] DEBUG:colcon.colcon_notification.desktop_notification.notify2:Failed to initialize notify2: org.freedesktop.DBus.Error.FileNotFound: Failed to connect to socket /run/user/1000/bus: No such file or directory
[2.903s] DEBUG:colcon.colcon_core.event_reactor:joined thread
[2.903s] INFO:colcon.colcon_core.shell:Creating prefix script '/home/kisangpark/workspace/ros2_ws/install/local_setup.ps1'
[2.905s] INFO:colcon.colcon_core.shell:Creating prefix util module '/home/kisangpark/workspace/ros2_ws/install/_local_setup_util_ps1.py'
[2.907s] INFO:colcon.colcon_core.shell:Creating prefix chain script '/home/kisangpark/workspace/ros2_ws/install/setup.ps1'
[2.908s] INFO:colcon.colcon_core.shell:Creating prefix script '/home/kisangpark/workspace/ros2_ws/install/local_setup.sh'
[2.909s] INFO:colcon.colcon_core.shell:Creating prefix util module '/home/kisangpark/workspace/ros2_ws/install/_local_setup_util_sh.py'
[2.910s] INFO:colcon.colcon_core.shell:Creating prefix chain script '/home/kisangpark/workspace/ros2_ws/install/setup.sh'
[2.911s] INFO:colcon.colcon_core.shell:Creating prefix script '/home/kisangpark/workspace/ros2_ws/install/local_setup.bash'
[2.912s] INFO:colcon.colcon_core.shell:Creating prefix chain script '/home/kisangpark/workspace/ros2_ws/install/setup.bash'
[2.914s] INFO:colcon.colcon_core.shell:Creating prefix script '/home/kisangpark/workspace/ros2_ws/install/local_setup.zsh'
[2.915s] INFO:colcon.colcon_core.shell:Creating prefix chain script '/home/kisangpark/workspace/ros2_ws/install/setup.zsh'
