running develop
Removing /home/kisangpark/workspace/ros2_ws/install/tutorial/lib/python3.10/site-packages/tutorial.egg-link (link to .)
running egg_info
writing ../../build/tutorial/tutorial.egg-info/PKG-INFO
writing dependency_links to ../../build/tutorial/tutorial.egg-info/dependency_links.txt
writing entry points to ../../build/tutorial/tutorial.egg-info/entry_points.txt
writing requirements to ../../build/tutorial/tutorial.egg-info/requires.txt
writing top-level names to ../../build/tutorial/tutorial.egg-info/top_level.txt
reading manifest file '../../build/tutorial/tutorial.egg-info/SOURCES.txt'
writing manifest file '../../build/tutorial/tutorial.egg-info/SOURCES.txt'
running build
running build_py
copying tutorial/publisher_example.py -> /home/kisangpark/workspace/ros2_ws/build/tutorial/build/lib/tutorial
copying tutorial/subscriber_example.py -> /home/kisangpark/workspace/ros2_ws/build/tutorial/build/lib/tutorial
running install
running install_lib
creating /home/kisangpark/workspace/ros2_ws/install/tutorial/lib/python3.10/site-packages/tutorial
copying /home/kisangpark/workspace/ros2_ws/build/tutorial/build/lib/tutorial/publisher_example.py -> /home/kisangpark/workspace/ros2_ws/install/tutorial/lib/python3.10/site-packages/tutorial
copying /home/kisangpark/workspace/ros2_ws/build/tutorial/build/lib/tutorial/__init__.py -> /home/kisangpark/workspace/ros2_ws/install/tutorial/lib/python3.10/site-packages/tutorial
copying /home/kisangpark/workspace/ros2_ws/build/tutorial/build/lib/tutorial/subscriber_example.py -> /home/kisangpark/workspace/ros2_ws/install/tutorial/lib/python3.10/site-packages/tutorial
byte-compiling /home/kisangpark/workspace/ros2_ws/install/tutorial/lib/python3.10/site-packages/tutorial/publisher_example.py to publisher_example.cpython-310.pyc
byte-compiling /home/kisangpark/workspace/ros2_ws/install/tutorial/lib/python3.10/site-packages/tutorial/__init__.py to __init__.cpython-310.pyc
byte-compiling /home/kisangpark/workspace/ros2_ws/install/tutorial/lib/python3.10/site-packages/tutorial/subscriber_example.py to subscriber_example.cpython-310.pyc
running install_data
copying resource/tutorial -> /home/kisangpark/workspace/ros2_ws/install/tutorial/share/ament_index/resource_index/packages
copying package.xml -> /home/kisangpark/workspace/ros2_ws/install/tutorial/share/tutorial
creating /home/kisangpark/workspace/ros2_ws/install/tutorial/share/tutorial/launch
running install_egg_info
Copying ../../build/tutorial/tutorial.egg-info to /home/kisangpark/workspace/ros2_ws/install/tutorial/lib/python3.10/site-packages/tutorial-0.0.0-py3.10.egg-info
running install_scripts
Installing publisher_example script to /home/kisangpark/workspace/ros2_ws/install/tutorial/lib/tutorial
Installing service_example script to /home/kisangpark/workspace/ros2_ws/install/tutorial/lib/tutorial
Installing subscriber_example script to /home/kisangpark/workspace/ros2_ws/install/tutorial/lib/tutorial
writing list of installed files to '/home/kisangpark/workspace/ros2_ws/build/tutorial/install.log'
