[1.315s] Invoking command in '/home/kisangpark/workspace/ros2_ws/src/ard_com': PYTHONPATH=/home/kisangpark/workspace/ros2_ws/build/ard_com/prefix_override:/usr/lib/python3/dist-packages/colcon_core/task/python/colcon_distutils_commands:/home/kisangpark/workspace/ros2_ws/install/ard_com/lib/python3.10/site-packages:${PYTHONPATH} /usr/bin/python3 -W ignore:setup.py install is deprecated -W ignore:easy_install command is deprecated setup.py egg_info --egg-base ../../build/ard_com build --build-base /home/kisangpark/workspace/ros2_ws/build/ard_com/build install --record /home/kisangpark/workspace/ros2_ws/build/ard_com/install.log --single-version-externally-managed install_data
[1.543s] running egg_info
[1.544s] writing ../../build/ard_com/ard_com.egg-info/PKG-INFO
[1.545s] writing dependency_links to ../../build/ard_com/ard_com.egg-info/dependency_links.txt
[1.546s] writing entry points to ../../build/ard_com/ard_com.egg-info/entry_points.txt
[1.546s] writing requirements to ../../build/ard_com/ard_com.egg-info/requires.txt
[1.547s] writing top-level names to ../../build/ard_com/ard_com.egg-info/top_level.txt
[1.549s] reading manifest file '../../build/ard_com/ard_com.egg-info/SOURCES.txt'
[1.550s] writing manifest file '../../build/ard_com/ard_com.egg-info/SOURCES.txt'
[1.551s] running build
[1.552s] running build_py
[1.552s] running install
[1.552s] running install_lib
[1.554s] running install_data
[1.554s] running install_egg_info
[1.556s] removing '/home/kisangpark/workspace/ros2_ws/install/ard_com/lib/python3.10/site-packages/ard_com-0.0.0-py3.10.egg-info' (and everything under it)
[1.556s] Copying ../../build/ard_com/ard_com.egg-info to /home/kisangpark/workspace/ros2_ws/install/ard_com/lib/python3.10/site-packages/ard_com-0.0.0-py3.10.egg-info
[1.558s] running install_scripts
[1.582s] Installing serial_example script to /home/kisangpark/workspace/ros2_ws/install/ard_com/lib/ard_com
[1.583s] writing list of installed files to '/home/kisangpark/workspace/ros2_ws/build/ard_com/install.log'
[1.619s] Invoked command in '/home/kisangpark/workspace/ros2_ws/src/ard_com' returned '0': PYTHONPATH=/home/kisangpark/workspace/ros2_ws/build/ard_com/prefix_override:/usr/lib/python3/dist-packages/colcon_core/task/python/colcon_distutils_commands:/home/kisangpark/workspace/ros2_ws/install/ard_com/lib/python3.10/site-packages:${PYTHONPATH} /usr/bin/python3 -W ignore:setup.py install is deprecated -W ignore:easy_install command is deprecated setup.py egg_info --egg-base ../../build/ard_com build --build-base /home/kisangpark/workspace/ros2_ws/build/ard_com/build install --record /home/kisangpark/workspace/ros2_ws/build/ard_com/install.log --single-version-externally-managed install_data
