[0.666s] DEBUG:colcon:Command line arguments: ['/usr/bin/colcon', 'build']
[0.666s] DEBUG:colcon:Parsed command line arguments: Namespace(log_base=None, log_level=None, verb_name='build', build_base='build', install_base='install', merge_install=False, symlink_install=False, test_result_base=None, continue_on_error=False, executor='parallel', parallel_workers=8, event_handlers=None, ignore_user_meta=False, metas=['./colcon.meta'], base_paths=['.'], packages_ignore=None, packages_ignore_regex=None, paths=None, packages_up_to=None, packages_up_to_regex=None, packages_above=None, packages_above_and_dependencies=None, packages_above_depth=None, packages_select_by_dep=None, packages_skip_by_dep=None, packages_skip_up_to=None, packages_select_build_failed=False, packages_skip_build_finished=False, packages_select_test_failures=False, packages_skip_test_passed=False, packages_select=None, packages_skip=None, packages_select_regex=None, packages_skip_regex=None, packages_start=None, packages_end=None, allow_overriding=[], cmake_args=None, cmake_target=None, cmake_target_skip_unavailable=False, cmake_clean_cache=False, cmake_clean_first=False, cmake_force_configure=False, ament_cmake_args=None, catkin_cmake_args=None, catkin_skip_building_tests=False, mixin_files=None, mixin=None, verb_parser=<colcon_mixin.mixin.mixin_argument.MixinArgumentDecorator object at 0x7fab1db89630>, verb_extension=<colcon_core.verb.build.BuildVerb object at 0x7fab1db89180>, main=<bound method BuildVerb.main of <colcon_core.verb.build.BuildVerb object at 0x7fab1db89180>>, mixin_verb=('build',))
[1.135s] Level 1:colcon.colcon_core.package_discovery:discover_packages(colcon_meta) check parameters
[1.135s] Level 1:colcon.colcon_core.package_discovery:discover_packages(recursive) check parameters
[1.135s] Level 1:colcon.colcon_core.package_discovery:discover_packages(ignore) check parameters
[1.135s] Level 1:colcon.colcon_core.package_discovery:discover_packages(path) check parameters
[1.135s] Level 1:colcon.colcon_core.package_discovery:discover_packages(colcon_meta) discover
[1.135s] Level 1:colcon.colcon_core.package_discovery:discover_packages(recursive) discover
[1.135s] INFO:colcon.colcon_core.package_discovery:Crawling recursively for packages in '/home/kisangpark/workspace/ros2_ws'
[1.135s] Level 1:colcon.colcon_core.package_identification:_identify(.) by extensions ['ignore', 'ignore_ament_install']
[1.135s] Level 1:colcon.colcon_core.package_identification:_identify(.) by extension 'ignore'
[1.135s] Level 1:colcon.colcon_core.package_identification:_identify(.) by extension 'ignore_ament_install'
[1.136s] Level 1:colcon.colcon_core.package_identification:_identify(.) by extensions ['colcon_pkg']
[1.136s] Level 1:colcon.colcon_core.package_identification:_identify(.) by extension 'colcon_pkg'
[1.136s] Level 1:colcon.colcon_core.package_identification:_identify(.) by extensions ['colcon_meta']
[1.136s] Level 1:colcon.colcon_core.package_identification:_identify(.) by extension 'colcon_meta'
[1.136s] Level 1:colcon.colcon_core.package_identification:_identify(.) by extensions ['ros']
[1.136s] Level 1:colcon.colcon_core.package_identification:_identify(.) by extension 'ros'
[1.170s] Level 1:colcon.colcon_core.package_identification:_identify(.) by extensions ['cmake', 'python']
[1.170s] Level 1:colcon.colcon_core.package_identification:_identify(.) by extension 'cmake'
[1.170s] Level 1:colcon.colcon_core.package_identification:_identify(.) by extension 'python'
[1.170s] Level 1:colcon.colcon_core.package_identification:_identify(.) by extensions ['python_setup_py']
[1.170s] Level 1:colcon.colcon_core.package_identification:_identify(.) by extension 'python_setup_py'
[1.171s] Level 1:colcon.colcon_core.package_identification:_identify(build) by extensions ['ignore', 'ignore_ament_install']
[1.171s] Level 1:colcon.colcon_core.package_identification:_identify(build) by extension 'ignore'
[1.171s] Level 1:colcon.colcon_core.package_identification:_identify(build) ignored
[1.171s] Level 1:colcon.colcon_core.package_identification:_identify(install) by extensions ['ignore', 'ignore_ament_install']
[1.171s] Level 1:colcon.colcon_core.package_identification:_identify(install) by extension 'ignore'
[1.171s] Level 1:colcon.colcon_core.package_identification:_identify(install) ignored
[1.171s] Level 1:colcon.colcon_core.package_identification:_identify(log) by extensions ['ignore', 'ignore_ament_install']
[1.171s] Level 1:colcon.colcon_core.package_identification:_identify(log) by extension 'ignore'
[1.171s] Level 1:colcon.colcon_core.package_identification:_identify(log) ignored
[1.171s] Level 1:colcon.colcon_core.package_identification:_identify(src) by extensions ['ignore', 'ignore_ament_install']
[1.171s] Level 1:colcon.colcon_core.package_identification:_identify(src) by extension 'ignore'
[1.171s] Level 1:colcon.colcon_core.package_identification:_identify(src) by extension 'ignore_ament_install'
[1.171s] Level 1:colcon.colcon_core.package_identification:_identify(src) by extensions ['colcon_pkg']
[1.171s] Level 1:colcon.colcon_core.package_identification:_identify(src) by extension 'colcon_pkg'
[1.171s] Level 1:colcon.colcon_core.package_identification:_identify(src) by extensions ['colcon_meta']
[1.171s] Level 1:colcon.colcon_core.package_identification:_identify(src) by extension 'colcon_meta'
[1.171s] Level 1:colcon.colcon_core.package_identification:_identify(src) by extensions ['ros']
[1.171s] Level 1:colcon.colcon_core.package_identification:_identify(src) by extension 'ros'
[1.171s] Level 1:colcon.colcon_core.package_identification:_identify(src) by extensions ['cmake', 'python']
[1.171s] Level 1:colcon.colcon_core.package_identification:_identify(src) by extension 'cmake'
[1.172s] Level 1:colcon.colcon_core.package_identification:_identify(src) by extension 'python'
[1.172s] Level 1:colcon.colcon_core.package_identification:_identify(src) by extensions ['python_setup_py']
[1.172s] Level 1:colcon.colcon_core.package_identification:_identify(src) by extension 'python_setup_py'
[1.172s] Level 1:colcon.colcon_core.package_identification:_identify(src/ard_com) by extensions ['ignore', 'ignore_ament_install']
[1.172s] Level 1:colcon.colcon_core.package_identification:_identify(src/ard_com) by extension 'ignore'
[1.172s] Level 1:colcon.colcon_core.package_identification:_identify(src/ard_com) by extension 'ignore_ament_install'
[1.172s] Level 1:colcon.colcon_core.package_identification:_identify(src/ard_com) by extensions ['colcon_pkg']
[1.172s] Level 1:colcon.colcon_core.package_identification:_identify(src/ard_com) by extension 'colcon_pkg'
[1.172s] Level 1:colcon.colcon_core.package_identification:_identify(src/ard_com) by extensions ['colcon_meta']
[1.172s] Level 1:colcon.colcon_core.package_identification:_identify(src/ard_com) by extension 'colcon_meta'
[1.172s] Level 1:colcon.colcon_core.package_identification:_identify(src/ard_com) by extensions ['ros']
[1.172s] Level 1:colcon.colcon_core.package_identification:_identify(src/ard_com) by extension 'ros'
[1.180s] DEBUG:colcon.colcon_core.package_identification:Package 'src/ard_com' with type 'ros.ament_python' and name 'ard_com'
[1.181s] Level 1:colcon.colcon_core.package_identification:_identify(src/tutorial) by extensions ['ignore', 'ignore_ament_install']
[1.181s] Level 1:colcon.colcon_core.package_identification:_identify(src/tutorial) by extension 'ignore'
[1.181s] Level 1:colcon.colcon_core.package_identification:_identify(src/tutorial) by extension 'ignore_ament_install'
[1.181s] Level 1:colcon.colcon_core.package_identification:_identify(src/tutorial) by extensions ['colcon_pkg']
[1.181s] Level 1:colcon.colcon_core.package_identification:_identify(src/tutorial) by extension 'colcon_pkg'
[1.181s] Level 1:colcon.colcon_core.package_identification:_identify(src/tutorial) by extensions ['colcon_meta']
[1.181s] Level 1:colcon.colcon_core.package_identification:_identify(src/tutorial) by extension 'colcon_meta'
[1.181s] Level 1:colcon.colcon_core.package_identification:_identify(src/tutorial) by extensions ['ros']
[1.181s] Level 1:colcon.colcon_core.package_identification:_identify(src/tutorial) by extension 'ros'
[1.183s] DEBUG:colcon.colcon_core.package_identification:Package 'src/tutorial' with type 'ros.ament_python' and name 'tutorial'
[1.183s] Level 1:colcon.colcon_core.package_discovery:discover_packages(recursive) using defaults
[1.183s] Level 1:colcon.colcon_core.package_discovery:discover_packages(ignore) discover
[1.183s] Level 1:colcon.colcon_core.package_discovery:discover_packages(ignore) using defaults
[1.183s] Level 1:colcon.colcon_core.package_discovery:discover_packages(path) discover
[1.183s] Level 1:colcon.colcon_core.package_discovery:discover_packages(path) using defaults
[1.272s] Level 1:colcon.colcon_core.package_discovery:discover_packages(prefix_path) check parameters
[1.272s] Level 1:colcon.colcon_core.package_discovery:discover_packages(prefix_path) discover
[1.281s] DEBUG:colcon.colcon_installed_package_information.package_discovery:Found 271 installed packages in /opt/ros/humble
[1.283s] Level 1:colcon.colcon_core.package_discovery:discover_packages(prefix_path) using defaults
[1.320s] Level 5:colcon.colcon_core.verb:set package 'ard_com' build argument 'cmake_args' from command line to 'None'
[1.320s] Level 5:colcon.colcon_core.verb:set package 'ard_com' build argument 'cmake_target' from command line to 'None'
[1.320s] Level 5:colcon.colcon_core.verb:set package 'ard_com' build argument 'cmake_target_skip_unavailable' from command line to 'False'
[1.320s] Level 5:colcon.colcon_core.verb:set package 'ard_com' build argument 'cmake_clean_cache' from command line to 'False'
[1.320s] Level 5:colcon.colcon_core.verb:set package 'ard_com' build argument 'cmake_clean_first' from command line to 'False'
[1.320s] Level 5:colcon.colcon_core.verb:set package 'ard_com' build argument 'cmake_force_configure' from command line to 'False'
[1.320s] Level 5:colcon.colcon_core.verb:set package 'ard_com' build argument 'ament_cmake_args' from command line to 'None'
[1.320s] Level 5:colcon.colcon_core.verb:set package 'ard_com' build argument 'catkin_cmake_args' from command line to 'None'
[1.320s] Level 5:colcon.colcon_core.verb:set package 'ard_com' build argument 'catkin_skip_building_tests' from command line to 'False'
[1.320s] DEBUG:colcon.colcon_core.verb:Building package 'ard_com' with the following arguments: {'ament_cmake_args': None, 'build_base': '/home/kisangpark/workspace/ros2_ws/build/ard_com', 'catkin_cmake_args': None, 'catkin_skip_building_tests': False, 'cmake_args': None, 'cmake_clean_cache': False, 'cmake_clean_first': False, 'cmake_force_configure': False, 'cmake_target': None, 'cmake_target_skip_unavailable': False, 'install_base': '/home/kisangpark/workspace/ros2_ws/install/ard_com', 'merge_install': False, 'path': '/home/kisangpark/workspace/ros2_ws/src/ard_com', 'symlink_install': False, 'test_result_base': None}
[1.320s] Level 5:colcon.colcon_core.verb:set package 'tutorial' build argument 'cmake_args' from command line to 'None'
[1.320s] Level 5:colcon.colcon_core.verb:set package 'tutorial' build argument 'cmake_target' from command line to 'None'
[1.320s] Level 5:colcon.colcon_core.verb:set package 'tutorial' build argument 'cmake_target_skip_unavailable' from command line to 'False'
[1.320s] Level 5:colcon.colcon_core.verb:set package 'tutorial' build argument 'cmake_clean_cache' from command line to 'False'
[1.320s] Level 5:colcon.colcon_core.verb:set package 'tutorial' build argument 'cmake_clean_first' from command line to 'False'
[1.320s] Level 5:colcon.colcon_core.verb:set package 'tutorial' build argument 'cmake_force_configure' from command line to 'False'
[1.320s] Level 5:colcon.colcon_core.verb:set package 'tutorial' build argument 'ament_cmake_args' from command line to 'None'
[1.321s] Level 5:colcon.colcon_core.verb:set package 'tutorial' build argument 'catkin_cmake_args' from command line to 'None'
[1.321s] Level 5:colcon.colcon_core.verb:set package 'tutorial' build argument 'catkin_skip_building_tests' from command line to 'False'
[1.321s] DEBUG:colcon.colcon_core.verb:Building package 'tutorial' with the following arguments: {'ament_cmake_args': None, 'build_base': '/home/kisangpark/workspace/ros2_ws/build/tutorial', 'catkin_cmake_args': None, 'catkin_skip_building_tests': False, 'cmake_args': None, 'cmake_clean_cache': False, 'cmake_clean_first': False, 'cmake_force_configure': False, 'cmake_target': None, 'cmake_target_skip_unavailable': False, 'install_base': '/home/kisangpark/workspace/ros2_ws/install/tutorial', 'merge_install': False, 'path': '/home/kisangpark/workspace/ros2_ws/src/tutorial', 'symlink_install': False, 'test_result_base': None}
[1.321s] INFO:colcon.colcon_core.executor:Executing jobs using 'parallel' executor
[1.323s] DEBUG:colcon.colcon_parallel_executor.executor.parallel:run_until_complete
[1.323s] INFO:colcon.colcon_ros.task.ament_python.build:Building ROS package in '/home/kisangpark/workspace/ros2_ws/src/ard_com' with build type 'ament_python'
[1.324s] Level 1:colcon.colcon_core.shell:create_environment_hook('ard_com', 'ament_prefix_path')
[1.340s] INFO:colcon.colcon_core.plugin_system:Skipping extension 'colcon_core.shell.bat': Not used on non-Windows systems
[1.340s] INFO:colcon.colcon_core.shell:Creating environment hook '/home/kisangpark/workspace/ros2_ws/install/ard_com/share/ard_com/hook/ament_prefix_path.ps1'
[1.348s] INFO:colcon.colcon_core.shell:Creating environment descriptor '/home/kisangpark/workspace/ros2_ws/install/ard_com/share/ard_com/hook/ament_prefix_path.dsv'
[1.350s] INFO:colcon.colcon_core.shell:Creating environment hook '/home/kisangpark/workspace/ros2_ws/install/ard_com/share/ard_com/hook/ament_prefix_path.sh'
[1.352s] INFO:colcon.colcon_core.shell:Skip shell extension 'powershell' for command environment: Not usable outside of PowerShell
[1.352s] DEBUG:colcon.colcon_core.shell:Skip shell extension 'dsv' for command environment
[1.357s] INFO:colcon.colcon_ros.task.ament_python.build:Building ROS package in '/home/kisangpark/workspace/ros2_ws/src/tutorial' with build type 'ament_python'
[1.357s] Level 1:colcon.colcon_core.shell:create_environment_hook('tutorial', 'ament_prefix_path')
[1.357s] INFO:colcon.colcon_core.shell:Creating environment hook '/home/kisangpark/workspace/ros2_ws/install/tutorial/share/tutorial/hook/ament_prefix_path.ps1'
[1.361s] INFO:colcon.colcon_core.shell:Creating environment descriptor '/home/kisangpark/workspace/ros2_ws/install/tutorial/share/tutorial/hook/ament_prefix_path.dsv'
[1.362s] INFO:colcon.colcon_core.shell:Creating environment hook '/home/kisangpark/workspace/ros2_ws/install/tutorial/share/tutorial/hook/ament_prefix_path.sh'
[1.363s] INFO:colcon.colcon_core.shell:Skip shell extension 'powershell' for command environment: Not usable outside of PowerShell
[1.363s] DEBUG:colcon.colcon_core.shell:Skip shell extension 'dsv' for command environment
[1.599s] INFO:colcon.colcon_core.task.python.build:Building Python package in '/home/kisangpark/workspace/ros2_ws/src/ard_com'
[1.599s] INFO:colcon.colcon_core.shell:Skip shell extension 'powershell' for command environment: Not usable outside of PowerShell
[1.600s] DEBUG:colcon.colcon_core.shell:Skip shell extension 'dsv' for command environment
[1.838s] INFO:colcon.colcon_core.task.python.build:Building Python package in '/home/kisangpark/workspace/ros2_ws/src/tutorial'
[1.838s] INFO:colcon.colcon_core.shell:Skip shell extension 'powershell' for command environment: Not usable outside of PowerShell
[1.838s] DEBUG:colcon.colcon_core.shell:Skip shell extension 'dsv' for command environment
[2.530s] DEBUG:colcon.colcon_core.event_handler.log_command:Invoking command in '/home/kisangpark/workspace/ros2_ws/src/ard_com': PYTHONPATH=/home/kisangpark/workspace/ros2_ws/build/ard_com/prefix_override:/usr/lib/python3/dist-packages/colcon_core/task/python/colcon_distutils_commands:/home/kisangpark/workspace/ros2_ws/install/ard_com/lib/python3.10/site-packages:${PYTHONPATH} /usr/bin/python3 -W ignore:setup.py install is deprecated -W ignore:easy_install command is deprecated setup.py egg_info --egg-base ../../build/ard_com build --build-base /home/kisangpark/workspace/ros2_ws/build/ard_com/build install --record /home/kisangpark/workspace/ros2_ws/build/ard_com/install.log --single-version-externally-managed install_data
[2.541s] DEBUG:colcon.colcon_core.event_handler.log_command:Invoking command in '/home/kisangpark/workspace/ros2_ws/src/tutorial': PYTHONPATH=/home/kisangpark/workspace/ros2_ws/build/tutorial/prefix_override:/usr/lib/python3/dist-packages/colcon_core/task/python/colcon_distutils_commands:/home/kisangpark/workspace/ros2_ws/install/tutorial/lib/python3.10/site-packages:${PYTHONPATH} /usr/bin/python3 -W ignore:setup.py install is deprecated -W ignore:easy_install command is deprecated setup.py egg_info --egg-base ../../build/tutorial build --build-base /home/kisangpark/workspace/ros2_ws/build/tutorial/build install --record /home/kisangpark/workspace/ros2_ws/build/tutorial/install.log --single-version-externally-managed install_data
[2.835s] DEBUG:colcon.colcon_core.event_handler.log_command:Invoked command in '/home/kisangpark/workspace/ros2_ws/src/tutorial' returned '0': PYTHONPATH=/home/kisangpark/workspace/ros2_ws/build/tutorial/prefix_override:/usr/lib/python3/dist-packages/colcon_core/task/python/colcon_distutils_commands:/home/kisangpark/workspace/ros2_ws/install/tutorial/lib/python3.10/site-packages:${PYTHONPATH} /usr/bin/python3 -W ignore:setup.py install is deprecated -W ignore:easy_install command is deprecated setup.py egg_info --egg-base ../../build/tutorial build --build-base /home/kisangpark/workspace/ros2_ws/build/tutorial/build install --record /home/kisangpark/workspace/ros2_ws/build/tutorial/install.log --single-version-externally-managed install_data
[2.857s] Level 1:colcon.colcon_core.environment:checking '/home/kisangpark/workspace/ros2_ws/install/tutorial' for CMake module files
[2.858s] Level 1:colcon.colcon_core.environment:checking '/home/kisangpark/workspace/ros2_ws/install/tutorial' for CMake config files
[2.860s] Level 1:colcon.colcon_core.environment:checking '/home/kisangpark/workspace/ros2_ws/install/tutorial/lib'
[2.861s] Level 1:colcon.colcon_core.environment:checking '/home/kisangpark/workspace/ros2_ws/install/tutorial/bin'
[2.861s] Level 1:colcon.colcon_core.environment:checking '/home/kisangpark/workspace/ros2_ws/install/tutorial/lib/pkgconfig/tutorial.pc'
[2.861s] Level 1:colcon.colcon_core.environment:checking '/home/kisangpark/workspace/ros2_ws/install/tutorial/lib/python3.10/site-packages'
[2.861s] Level 1:colcon.colcon_core.shell:create_environment_hook('tutorial', 'pythonpath')
[2.861s] INFO:colcon.colcon_core.shell:Creating environment hook '/home/kisangpark/workspace/ros2_ws/install/tutorial/share/tutorial/hook/pythonpath.ps1'
[2.862s] INFO:colcon.colcon_core.shell:Creating environment descriptor '/home/kisangpark/workspace/ros2_ws/install/tutorial/share/tutorial/hook/pythonpath.dsv'
[2.862s] INFO:colcon.colcon_core.shell:Creating environment hook '/home/kisangpark/workspace/ros2_ws/install/tutorial/share/tutorial/hook/pythonpath.sh'
[2.863s] Level 1:colcon.colcon_core.environment:checking '/home/kisangpark/workspace/ros2_ws/install/tutorial/bin'
[2.863s] Level 1:colcon.colcon_core.environment:create_environment_scripts_only(tutorial)
[2.864s] INFO:colcon.colcon_core.shell:Creating package script '/home/kisangpark/workspace/ros2_ws/install/tutorial/share/tutorial/package.ps1'
[2.865s] INFO:colcon.colcon_core.shell:Creating package descriptor '/home/kisangpark/workspace/ros2_ws/install/tutorial/share/tutorial/package.dsv'
[2.867s] INFO:colcon.colcon_core.shell:Creating package script '/home/kisangpark/workspace/ros2_ws/install/tutorial/share/tutorial/package.sh'
[2.869s] INFO:colcon.colcon_core.shell:Creating package script '/home/kisangpark/workspace/ros2_ws/install/tutorial/share/tutorial/package.bash'
[2.871s] INFO:colcon.colcon_core.shell:Creating package script '/home/kisangpark/workspace/ros2_ws/install/tutorial/share/tutorial/package.zsh'
[2.873s] Level 1:colcon.colcon_core.environment:create_file_with_runtime_dependencies(/home/kisangpark/workspace/ros2_ws/install/tutorial/share/colcon-core/packages/tutorial)
[2.878s] Level 1:colcon.colcon_core.environment:checking '/home/kisangpark/workspace/ros2_ws/install/ard_com' for CMake module files
[2.879s] DEBUG:colcon.colcon_core.event_handler.log_command:Invoked command in '/home/kisangpark/workspace/ros2_ws/src/ard_com' returned '0': PYTHONPATH=/home/kisangpark/workspace/ros2_ws/build/ard_com/prefix_override:/usr/lib/python3/dist-packages/colcon_core/task/python/colcon_distutils_commands:/home/kisangpark/workspace/ros2_ws/install/ard_com/lib/python3.10/site-packages:${PYTHONPATH} /usr/bin/python3 -W ignore:setup.py install is deprecated -W ignore:easy_install command is deprecated setup.py egg_info --egg-base ../../build/ard_com build --build-base /home/kisangpark/workspace/ros2_ws/build/ard_com/build install --record /home/kisangpark/workspace/ros2_ws/build/ard_com/install.log --single-version-externally-managed install_data
[2.880s] Level 1:colcon.colcon_core.environment:checking '/home/kisangpark/workspace/ros2_ws/install/ard_com' for CMake config files
[2.883s] Level 1:colcon.colcon_core.environment:checking '/home/kisangpark/workspace/ros2_ws/install/ard_com/lib'
[2.883s] Level 1:colcon.colcon_core.environment:checking '/home/kisangpark/workspace/ros2_ws/install/ard_com/bin'
[2.883s] Level 1:colcon.colcon_core.environment:checking '/home/kisangpark/workspace/ros2_ws/install/ard_com/lib/pkgconfig/ard_com.pc'
[2.883s] Level 1:colcon.colcon_core.environment:checking '/home/kisangpark/workspace/ros2_ws/install/ard_com/lib/python3.10/site-packages'
[2.883s] Level 1:colcon.colcon_core.shell:create_environment_hook('ard_com', 'pythonpath')
[2.884s] INFO:colcon.colcon_core.shell:Creating environment hook '/home/kisangpark/workspace/ros2_ws/install/ard_com/share/ard_com/hook/pythonpath.ps1'
[2.884s] INFO:colcon.colcon_core.shell:Creating environment descriptor '/home/kisangpark/workspace/ros2_ws/install/ard_com/share/ard_com/hook/pythonpath.dsv'
[2.885s] INFO:colcon.colcon_core.shell:Creating environment hook '/home/kisangpark/workspace/ros2_ws/install/ard_com/share/ard_com/hook/pythonpath.sh'
[2.885s] Level 1:colcon.colcon_core.environment:checking '/home/kisangpark/workspace/ros2_ws/install/ard_com/bin'
[2.885s] Level 1:colcon.colcon_core.environment:create_environment_scripts_only(ard_com)
[2.886s] INFO:colcon.colcon_core.shell:Creating package script '/home/kisangpark/workspace/ros2_ws/install/ard_com/share/ard_com/package.ps1'
[2.886s] INFO:colcon.colcon_core.shell:Creating package descriptor '/home/kisangpark/workspace/ros2_ws/install/ard_com/share/ard_com/package.dsv'
[2.887s] INFO:colcon.colcon_core.shell:Creating package script '/home/kisangpark/workspace/ros2_ws/install/ard_com/share/ard_com/package.sh'
[2.888s] INFO:colcon.colcon_core.shell:Creating package script '/home/kisangpark/workspace/ros2_ws/install/ard_com/share/ard_com/package.bash'
[2.888s] INFO:colcon.colcon_core.shell:Creating package script '/home/kisangpark/workspace/ros2_ws/install/ard_com/share/ard_com/package.zsh'
[2.889s] Level 1:colcon.colcon_core.environment:create_file_with_runtime_dependencies(/home/kisangpark/workspace/ros2_ws/install/ard_com/share/colcon-core/packages/ard_com)
[2.889s] DEBUG:colcon.colcon_parallel_executor.executor.parallel:closing loop
[2.889s] DEBUG:colcon.colcon_parallel_executor.executor.parallel:loop closed
[2.890s] DEBUG:colcon.colcon_parallel_executor.executor.parallel:run_until_complete finished with '0'
[2.890s] DEBUG:colcon.colcon_core.event_reactor:joining thread
[2.963s] INFO:colcon.colcon_core.plugin_system:Skipping extension 'colcon_notification.desktop_notification.notify_send': Could not find 'notify-send'
[2.963s] INFO:colcon.colcon_core.plugin_system:Skipping extension 'colcon_notification.desktop_notification.terminal_notifier': Not used on non-Darwin systems
[2.963s] INFO:colcon.colcon_core.plugin_system:Skipping extension 'colcon_notification.desktop_notification.win32': Not used on non-Windows systems
[2.963s] INFO:colcon.colcon_notification.desktop_notification:Sending desktop notification using 'notify2'
[2.964s] DEBUG:colcon.colcon_notification.desktop_notification.notify2:Failed to initialize notify2: org.freedesktop.DBus.Error.FileNotFound: Failed to connect to socket /run/user/1000/bus: No such file or directory
[2.964s] DEBUG:colcon.colcon_core.event_reactor:joined thread
[2.964s] INFO:colcon.colcon_core.shell:Creating prefix script '/home/kisangpark/workspace/ros2_ws/install/local_setup.ps1'
[2.966s] INFO:colcon.colcon_core.shell:Creating prefix util module '/home/kisangpark/workspace/ros2_ws/install/_local_setup_util_ps1.py'
[2.967s] INFO:colcon.colcon_core.shell:Creating prefix chain script '/home/kisangpark/workspace/ros2_ws/install/setup.ps1'
[2.968s] INFO:colcon.colcon_core.shell:Creating prefix script '/home/kisangpark/workspace/ros2_ws/install/local_setup.sh'
[2.970s] INFO:colcon.colcon_core.shell:Creating prefix util module '/home/kisangpark/workspace/ros2_ws/install/_local_setup_util_sh.py'
[2.970s] INFO:colcon.colcon_core.shell:Creating prefix chain script '/home/kisangpark/workspace/ros2_ws/install/setup.sh'
[2.972s] INFO:colcon.colcon_core.shell:Creating prefix script '/home/kisangpark/workspace/ros2_ws/install/local_setup.bash'
[2.973s] INFO:colcon.colcon_core.shell:Creating prefix chain script '/home/kisangpark/workspace/ros2_ws/install/setup.bash'
[2.974s] INFO:colcon.colcon_core.shell:Creating prefix script '/home/kisangpark/workspace/ros2_ws/install/local_setup.zsh'
[2.975s] INFO:colcon.colcon_core.shell:Creating prefix chain script '/home/kisangpark/workspace/ros2_ws/install/setup.zsh'
