[1.481s] Invoking command in '/home/kisangpark/workspace/ros2_ws/src/tutorial': PYTHONPATH=/home/kisangpark/workspace/ros2_ws/build/tutorial/prefix_override:/usr/lib/python3/dist-packages/colcon_core/task/python/colcon_distutils_commands:/home/kisangpark/workspace/ros2_ws/install/tutorial/lib/python3.10/site-packages:${PYTHONPATH} /usr/bin/python3 -W ignore:setup.py install is deprecated -W ignore:easy_install command is deprecated setup.py egg_info --egg-base ../../build/tutorial build --build-base /home/kisangpark/workspace/ros2_ws/build/tutorial/build install --record /home/kisangpark/workspace/ros2_ws/build/tutorial/install.log --single-version-externally-managed install_data
[1.708s] running egg_info
[1.709s] creating ../../build/tutorial/tutorial.egg-info
[1.710s] writing ../../build/tutorial/tutorial.egg-info/PKG-INFO
[1.710s] writing dependency_links to ../../build/tutorial/tutorial.egg-info/dependency_links.txt
[1.710s] writing entry points to ../../build/tutorial/tutorial.egg-info/entry_points.txt
[1.711s] writing requirements to ../../build/tutorial/tutorial.egg-info/requires.txt
[1.711s] writing top-level names to ../../build/tutorial/tutorial.egg-info/top_level.txt
[1.711s] writing manifest file '../../build/tutorial/tutorial.egg-info/SOURCES.txt'
[1.714s] reading manifest file '../../build/tutorial/tutorial.egg-info/SOURCES.txt'
[1.715s] writing manifest file '../../build/tutorial/tutorial.egg-info/SOURCES.txt'
[1.715s] running build
[1.715s] running build_py
[1.715s] creating /home/kisangpark/workspace/ros2_ws/build/tutorial/build
[1.715s] creating /home/kisangpark/workspace/ros2_ws/build/tutorial/build/lib
[1.716s] creating /home/kisangpark/workspace/ros2_ws/build/tutorial/build/lib/tutorial
[1.716s] copying tutorial/__init__.py -> /home/kisangpark/workspace/ros2_ws/build/tutorial/build/lib/tutorial
[1.716s] running install
[1.716s] running install_lib
[1.718s] creating /home/kisangpark/workspace/ros2_ws/install/tutorial/lib/python3.10/site-packages/tutorial
[1.719s] copying /home/kisangpark/workspace/ros2_ws/build/tutorial/build/lib/tutorial/__init__.py -> /home/kisangpark/workspace/ros2_ws/install/tutorial/lib/python3.10/site-packages/tutorial
[1.719s] byte-compiling /home/kisangpark/workspace/ros2_ws/install/tutorial/lib/python3.10/site-packages/tutorial/__init__.py to __init__.cpython-310.pyc
[1.720s] running install_data
[1.720s] creating /home/kisangpark/workspace/ros2_ws/install/tutorial/share/ament_index
[1.720s] creating /home/kisangpark/workspace/ros2_ws/install/tutorial/share/ament_index/resource_index
[1.721s] creating /home/kisangpark/workspace/ros2_ws/install/tutorial/share/ament_index/resource_index/packages
[1.721s] copying resource/tutorial -> /home/kisangpark/workspace/ros2_ws/install/tutorial/share/ament_index/resource_index/packages
[1.721s] copying package.xml -> /home/kisangpark/workspace/ros2_ws/install/tutorial/share/tutorial
[1.721s] running install_egg_info
[1.726s] Copying ../../build/tutorial/tutorial.egg-info to /home/kisangpark/workspace/ros2_ws/install/tutorial/lib/python3.10/site-packages/tutorial-0.0.0-py3.10.egg-info
[1.726s] running install_scripts
[1.748s] writing list of installed files to '/home/kisangpark/workspace/ros2_ws/build/tutorial/install.log'
[1.779s] Invoked command in '/home/kisangpark/workspace/ros2_ws/src/tutorial' returned '0': PYTHONPATH=/home/kisangpark/workspace/ros2_ws/build/tutorial/prefix_override:/usr/lib/python3/dist-packages/colcon_core/task/python/colcon_distutils_commands:/home/kisangpark/workspace/ros2_ws/install/tutorial/lib/python3.10/site-packages:${PYTHONPATH} /usr/bin/python3 -W ignore:setup.py install is deprecated -W ignore:easy_install command is deprecated setup.py egg_info --egg-base ../../build/tutorial build --build-base /home/kisangpark/workspace/ros2_ws/build/tutorial/build install --record /home/kisangpark/workspace/ros2_ws/build/tutorial/install.log --single-version-externally-managed install_data
