[1.273s] Invoking command in '/home/kisangpark/workspace/ros2_ws/src/tutorial': PYTHONPATH=/home/kisangpark/workspace/ros2_ws/build/tutorial/prefix_override:/usr/lib/python3/dist-packages/colcon_core/task/python/colcon_distutils_commands:/home/kisangpark/workspace/ros2_ws/install/tutorial/lib/python3.10/site-packages:${PYTHONPATH} /usr/bin/python3 -W ignore:setup.py install is deprecated -W ignore:easy_install command is deprecated setup.py egg_info --egg-base ../../build/tutorial build --build-base /home/kisangpark/workspace/ros2_ws/build/tutorial/build install --record /home/kisangpark/workspace/ros2_ws/build/tutorial/install.log --single-version-externally-managed install_data
[1.514s] running egg_info
[1.514s] writing ../../build/tutorial/tutorial.egg-info/PKG-INFO
[1.516s] writing dependency_links to ../../build/tutorial/tutorial.egg-info/dependency_links.txt
[1.517s] writing entry points to ../../build/tutorial/tutorial.egg-info/entry_points.txt
[1.517s] writing requirements to ../../build/tutorial/tutorial.egg-info/requires.txt
[1.517s] writing top-level names to ../../build/tutorial/tutorial.egg-info/top_level.txt
[1.520s] reading manifest file '../../build/tutorial/tutorial.egg-info/SOURCES.txt'
[1.521s] writing manifest file '../../build/tutorial/tutorial.egg-info/SOURCES.txt'
[1.523s] running build
[1.523s] running build_py
[1.523s] running install
[1.523s] running install_lib
[1.523s] running install_data
[1.524s] running install_egg_info
[1.526s] removing '/home/kisangpark/workspace/ros2_ws/install/tutorial/lib/python3.10/site-packages/tutorial-0.0.0-py3.10.egg-info' (and everything under it)
[1.526s] Copying ../../build/tutorial/tutorial.egg-info to /home/kisangpark/workspace/ros2_ws/install/tutorial/lib/python3.10/site-packages/tutorial-0.0.0-py3.10.egg-info
[1.529s] running install_scripts
[1.553s] writing list of installed files to '/home/kisangpark/workspace/ros2_ws/build/tutorial/install.log'
[1.614s] Invoked command in '/home/kisangpark/workspace/ros2_ws/src/tutorial' returned '0': PYTHONPATH=/home/kisangpark/workspace/ros2_ws/build/tutorial/prefix_override:/usr/lib/python3/dist-packages/colcon_core/task/python/colcon_distutils_commands:/home/kisangpark/workspace/ros2_ws/install/tutorial/lib/python3.10/site-packages:${PYTHONPATH} /usr/bin/python3 -W ignore:setup.py install is deprecated -W ignore:easy_install command is deprecated setup.py egg_info --egg-base ../../build/tutorial build --build-base /home/kisangpark/workspace/ros2_ws/build/tutorial/build install --record /home/kisangpark/workspace/ros2_ws/build/tutorial/install.log --single-version-externally-managed install_data
