[0.804s] DEBUG:colcon:Command line arguments: ['/usr/bin/colcon', 'build']
[0.805s] DEBUG:colcon:Parsed command line arguments: Namespace(log_base=None, log_level=None, verb_name='build', build_base='build', install_base='install', merge_install=False, symlink_install=False, test_result_base=None, continue_on_error=False, executor='parallel', parallel_workers=8, event_handlers=None, ignore_user_meta=False, metas=['./colcon.meta'], base_paths=['.'], packages_ignore=None, packages_ignore_regex=None, paths=None, packages_up_to=None, packages_up_to_regex=None, packages_above=None, packages_above_and_dependencies=None, packages_above_depth=None, packages_select_by_dep=None, packages_skip_by_dep=None, packages_skip_up_to=None, packages_select_build_failed=False, packages_skip_build_finished=False, packages_select_test_failures=False, packages_skip_test_passed=False, packages_select=None, packages_skip=None, packages_select_regex=None, packages_skip_regex=None, packages_start=None, packages_end=None, allow_overriding=[], cmake_args=None, cmake_target=None, cmake_target_skip_unavailable=False, cmake_clean_cache=False, cmake_clean_first=False, cmake_force_configure=False, ament_cmake_args=None, catkin_cmake_args=None, catkin_skip_building_tests=False, mixin_files=None, mixin=None, verb_parser=<colcon_mixin.mixin.mixin_argument.MixinArgumentDecorator object at 0x7f4caad49810>, verb_extension=<colcon_core.verb.build.BuildVerb object at 0x7f4caad49360>, main=<bound method BuildVerb.main of <colcon_core.verb.build.BuildVerb object at 0x7f4caad49360>>, mixin_verb=('build',))
[1.380s] Level 1:colcon.colcon_core.package_discovery:discover_packages(colcon_meta) check parameters
[1.380s] Level 1:colcon.colcon_core.package_discovery:discover_packages(recursive) check parameters
[1.380s] Level 1:colcon.colcon_core.package_discovery:discover_packages(ignore) check parameters
[1.380s] Level 1:colcon.colcon_core.package_discovery:discover_packages(path) check parameters
[1.380s] Level 1:colcon.colcon_core.package_discovery:discover_packages(colcon_meta) discover
[1.380s] Level 1:colcon.colcon_core.package_discovery:discover_packages(recursive) discover
[1.380s] INFO:colcon.colcon_core.package_discovery:Crawling recursively for packages in '/home/kisangpark/workspace/ros2_ws'
[1.380s] Level 1:colcon.colcon_core.package_identification:_identify(.) by extensions ['ignore', 'ignore_ament_install']
[1.380s] Level 1:colcon.colcon_core.package_identification:_identify(.) by extension 'ignore'
[1.380s] Level 1:colcon.colcon_core.package_identification:_identify(.) by extension 'ignore_ament_install'
[1.381s] Level 1:colcon.colcon_core.package_identification:_identify(.) by extensions ['colcon_pkg']
[1.381s] Level 1:colcon.colcon_core.package_identification:_identify(.) by extension 'colcon_pkg'
[1.381s] Level 1:colcon.colcon_core.package_identification:_identify(.) by extensions ['colcon_meta']
[1.381s] Level 1:colcon.colcon_core.package_identification:_identify(.) by extension 'colcon_meta'
[1.381s] Level 1:colcon.colcon_core.package_identification:_identify(.) by extensions ['ros']
[1.381s] Level 1:colcon.colcon_core.package_identification:_identify(.) by extension 'ros'
[1.407s] Level 1:colcon.colcon_core.package_identification:_identify(.) by extensions ['cmake', 'python']
[1.407s] Level 1:colcon.colcon_core.package_identification:_identify(.) by extension 'cmake'
[1.407s] Level 1:colcon.colcon_core.package_identification:_identify(.) by extension 'python'
[1.407s] Level 1:colcon.colcon_core.package_identification:_identify(.) by extensions ['python_setup_py']
[1.407s] Level 1:colcon.colcon_core.package_identification:_identify(.) by extension 'python_setup_py'
[1.407s] Level 1:colcon.colcon_core.package_identification:_identify(build) by extensions ['ignore', 'ignore_ament_install']
[1.407s] Level 1:colcon.colcon_core.package_identification:_identify(build) by extension 'ignore'
[1.407s] Level 1:colcon.colcon_core.package_identification:_identify(build) ignored
[1.408s] Level 1:colcon.colcon_core.package_identification:_identify(install) by extensions ['ignore', 'ignore_ament_install']
[1.408s] Level 1:colcon.colcon_core.package_identification:_identify(install) by extension 'ignore'
[1.408s] Level 1:colcon.colcon_core.package_identification:_identify(install) ignored
[1.408s] Level 1:colcon.colcon_core.package_identification:_identify(log) by extensions ['ignore', 'ignore_ament_install']
[1.408s] Level 1:colcon.colcon_core.package_identification:_identify(log) by extension 'ignore'
[1.408s] Level 1:colcon.colcon_core.package_identification:_identify(log) ignored
[1.408s] Level 1:colcon.colcon_core.package_identification:_identify(src) by extensions ['ignore', 'ignore_ament_install']
[1.408s] Level 1:colcon.colcon_core.package_identification:_identify(src) by extension 'ignore'
[1.408s] Level 1:colcon.colcon_core.package_identification:_identify(src) by extension 'ignore_ament_install'
[1.409s] Level 1:colcon.colcon_core.package_identification:_identify(src) by extensions ['colcon_pkg']
[1.409s] Level 1:colcon.colcon_core.package_identification:_identify(src) by extension 'colcon_pkg'
[1.409s] Level 1:colcon.colcon_core.package_identification:_identify(src) by extensions ['colcon_meta']
[1.409s] Level 1:colcon.colcon_core.package_identification:_identify(src) by extension 'colcon_meta'
[1.409s] Level 1:colcon.colcon_core.package_identification:_identify(src) by extensions ['ros']
[1.409s] Level 1:colcon.colcon_core.package_identification:_identify(src) by extension 'ros'
[1.409s] Level 1:colcon.colcon_core.package_identification:_identify(src) by extensions ['cmake', 'python']
[1.409s] Level 1:colcon.colcon_core.package_identification:_identify(src) by extension 'cmake'
[1.409s] Level 1:colcon.colcon_core.package_identification:_identify(src) by extension 'python'
[1.409s] Level 1:colcon.colcon_core.package_identification:_identify(src) by extensions ['python_setup_py']
[1.409s] Level 1:colcon.colcon_core.package_identification:_identify(src) by extension 'python_setup_py'
[1.409s] Level 1:colcon.colcon_core.package_identification:_identify(src/ard_com) by extensions ['ignore', 'ignore_ament_install']
[1.410s] Level 1:colcon.colcon_core.package_identification:_identify(src/ard_com) by extension 'ignore'
[1.410s] Level 1:colcon.colcon_core.package_identification:_identify(src/ard_com) by extension 'ignore_ament_install'
[1.410s] Level 1:colcon.colcon_core.package_identification:_identify(src/ard_com) by extensions ['colcon_pkg']
[1.410s] Level 1:colcon.colcon_core.package_identification:_identify(src/ard_com) by extension 'colcon_pkg'
[1.410s] Level 1:colcon.colcon_core.package_identification:_identify(src/ard_com) by extensions ['colcon_meta']
[1.410s] Level 1:colcon.colcon_core.package_identification:_identify(src/ard_com) by extension 'colcon_meta'
[1.410s] Level 1:colcon.colcon_core.package_identification:_identify(src/ard_com) by extensions ['ros']
[1.410s] Level 1:colcon.colcon_core.package_identification:_identify(src/ard_com) by extension 'ros'
[1.417s] DEBUG:colcon.colcon_core.package_identification:Package 'src/ard_com' with type 'ros.ament_python' and name 'ard_com'
[1.417s] Level 1:colcon.colcon_core.package_identification:_identify(src/tutorial) by extensions ['ignore', 'ignore_ament_install']
[1.418s] Level 1:colcon.colcon_core.package_identification:_identify(src/tutorial) by extension 'ignore'
[1.418s] Level 1:colcon.colcon_core.package_identification:_identify(src/tutorial) by extension 'ignore_ament_install'
[1.418s] Level 1:colcon.colcon_core.package_identification:_identify(src/tutorial) by extensions ['colcon_pkg']
[1.418s] Level 1:colcon.colcon_core.package_identification:_identify(src/tutorial) by extension 'colcon_pkg'
[1.418s] Level 1:colcon.colcon_core.package_identification:_identify(src/tutorial) by extensions ['colcon_meta']
[1.418s] Level 1:colcon.colcon_core.package_identification:_identify(src/tutorial) by extension 'colcon_meta'
[1.418s] Level 1:colcon.colcon_core.package_identification:_identify(src/tutorial) by extensions ['ros']
[1.418s] Level 1:colcon.colcon_core.package_identification:_identify(src/tutorial) by extension 'ros'
[1.419s] DEBUG:colcon.colcon_core.package_identification:Package 'src/tutorial' with type 'ros.ament_python' and name 'tutorial'
[1.419s] Level 1:colcon.colcon_core.package_discovery:discover_packages(recursive) using defaults
[1.419s] Level 1:colcon.colcon_core.package_discovery:discover_packages(ignore) discover
[1.420s] Level 1:colcon.colcon_core.package_discovery:discover_packages(ignore) using defaults
[1.420s] Level 1:colcon.colcon_core.package_discovery:discover_packages(path) discover
[1.420s] Level 1:colcon.colcon_core.package_discovery:discover_packages(path) using defaults
[1.493s] Level 1:colcon.colcon_core.package_discovery:discover_packages(prefix_path) check parameters
[1.494s] Level 1:colcon.colcon_core.package_discovery:discover_packages(prefix_path) discover
[1.502s] DEBUG:colcon.colcon_installed_package_information.package_discovery:Found 328 installed packages in /opt/ros/humble
[1.503s] Level 1:colcon.colcon_core.package_discovery:discover_packages(prefix_path) using defaults
[1.551s] Level 5:colcon.colcon_core.verb:set package 'ard_com' build argument 'cmake_args' from command line to 'None'
[1.551s] Level 5:colcon.colcon_core.verb:set package 'ard_com' build argument 'cmake_target' from command line to 'None'
[1.552s] Level 5:colcon.colcon_core.verb:set package 'ard_com' build argument 'cmake_target_skip_unavailable' from command line to 'False'
[1.552s] Level 5:colcon.colcon_core.verb:set package 'ard_com' build argument 'cmake_clean_cache' from command line to 'False'
[1.552s] Level 5:colcon.colcon_core.verb:set package 'ard_com' build argument 'cmake_clean_first' from command line to 'False'
[1.552s] Level 5:colcon.colcon_core.verb:set package 'ard_com' build argument 'cmake_force_configure' from command line to 'False'
[1.552s] Level 5:colcon.colcon_core.verb:set package 'ard_com' build argument 'ament_cmake_args' from command line to 'None'
[1.552s] Level 5:colcon.colcon_core.verb:set package 'ard_com' build argument 'catkin_cmake_args' from command line to 'None'
[1.552s] Level 5:colcon.colcon_core.verb:set package 'ard_com' build argument 'catkin_skip_building_tests' from command line to 'False'
[1.552s] DEBUG:colcon.colcon_core.verb:Building package 'ard_com' with the following arguments: {'ament_cmake_args': None, 'build_base': '/home/kisangpark/workspace/ros2_ws/build/ard_com', 'catkin_cmake_args': None, 'catkin_skip_building_tests': False, 'cmake_args': None, 'cmake_clean_cache': False, 'cmake_clean_first': False, 'cmake_force_configure': False, 'cmake_target': None, 'cmake_target_skip_unavailable': False, 'install_base': '/home/kisangpark/workspace/ros2_ws/install/ard_com', 'merge_install': False, 'path': '/home/kisangpark/workspace/ros2_ws/src/ard_com', 'symlink_install': False, 'test_result_base': None}
[1.553s] Level 5:colcon.colcon_core.verb:set package 'tutorial' build argument 'cmake_args' from command line to 'None'
[1.553s] Level 5:colcon.colcon_core.verb:set package 'tutorial' build argument 'cmake_target' from command line to 'None'
[1.553s] Level 5:colcon.colcon_core.verb:set package 'tutorial' build argument 'cmake_target_skip_unavailable' from command line to 'False'
[1.553s] Level 5:colcon.colcon_core.verb:set package 'tutorial' build argument 'cmake_clean_cache' from command line to 'False'
[1.553s] Level 5:colcon.colcon_core.verb:set package 'tutorial' build argument 'cmake_clean_first' from command line to 'False'
[1.553s] Level 5:colcon.colcon_core.verb:set package 'tutorial' build argument 'cmake_force_configure' from command line to 'False'
[1.553s] Level 5:colcon.colcon_core.verb:set package 'tutorial' build argument 'ament_cmake_args' from command line to 'None'
[1.553s] Level 5:colcon.colcon_core.verb:set package 'tutorial' build argument 'catkin_cmake_args' from command line to 'None'
[1.553s] Level 5:colcon.colcon_core.verb:set package 'tutorial' build argument 'catkin_skip_building_tests' from command line to 'False'
[1.553s] DEBUG:colcon.colcon_core.verb:Building package 'tutorial' with the following arguments: {'ament_cmake_args': None, 'build_base': '/home/kisangpark/workspace/ros2_ws/build/tutorial', 'catkin_cmake_args': None, 'catkin_skip_building_tests': False, 'cmake_args': None, 'cmake_clean_cache': False, 'cmake_clean_first': False, 'cmake_force_configure': False, 'cmake_target': None, 'cmake_target_skip_unavailable': False, 'install_base': '/home/kisangpark/workspace/ros2_ws/install/tutorial', 'merge_install': False, 'path': '/home/kisangpark/workspace/ros2_ws/src/tutorial', 'symlink_install': False, 'test_result_base': None}
[1.553s] INFO:colcon.colcon_core.executor:Executing jobs using 'parallel' executor
[1.557s] DEBUG:colcon.colcon_parallel_executor.executor.parallel:run_until_complete
[1.557s] INFO:colcon.colcon_ros.task.ament_python.build:Building ROS package in '/home/kisangpark/workspace/ros2_ws/src/ard_com' with build type 'ament_python'
[1.558s] Level 1:colcon.colcon_core.shell:create_environment_hook('ard_com', 'ament_prefix_path')
[1.579s] INFO:colcon.colcon_core.plugin_system:Skipping extension 'colcon_core.shell.bat': Not used on non-Windows systems
[1.579s] INFO:colcon.colcon_core.shell:Creating environment hook '/home/kisangpark/workspace/ros2_ws/install/ard_com/share/ard_com/hook/ament_prefix_path.ps1'
[1.585s] INFO:colcon.colcon_core.shell:Creating environment descriptor '/home/kisangpark/workspace/ros2_ws/install/ard_com/share/ard_com/hook/ament_prefix_path.dsv'
[1.587s] INFO:colcon.colcon_core.shell:Creating environment hook '/home/kisangpark/workspace/ros2_ws/install/ard_com/share/ard_com/hook/ament_prefix_path.sh'
[1.589s] INFO:colcon.colcon_core.shell:Skip shell extension 'powershell' for command environment: Not usable outside of PowerShell
[1.589s] DEBUG:colcon.colcon_core.shell:Skip shell extension 'dsv' for command environment
[1.595s] INFO:colcon.colcon_ros.task.ament_python.build:Building ROS package in '/home/kisangpark/workspace/ros2_ws/src/tutorial' with build type 'ament_python'
[1.595s] Level 1:colcon.colcon_core.shell:create_environment_hook('tutorial', 'ament_prefix_path')
[1.596s] INFO:colcon.colcon_core.shell:Creating environment hook '/home/kisangpark/workspace/ros2_ws/install/tutorial/share/tutorial/hook/ament_prefix_path.ps1'
[1.599s] INFO:colcon.colcon_core.shell:Creating environment descriptor '/home/kisangpark/workspace/ros2_ws/install/tutorial/share/tutorial/hook/ament_prefix_path.dsv'
[1.601s] INFO:colcon.colcon_core.shell:Creating environment hook '/home/kisangpark/workspace/ros2_ws/install/tutorial/share/tutorial/hook/ament_prefix_path.sh'
[1.603s] INFO:colcon.colcon_core.shell:Skip shell extension 'powershell' for command environment: Not usable outside of PowerShell
[1.603s] DEBUG:colcon.colcon_core.shell:Skip shell extension 'dsv' for command environment
[1.874s] INFO:colcon.colcon_core.task.python.build:Building Python package in '/home/kisangpark/workspace/ros2_ws/src/ard_com'
[1.875s] INFO:colcon.colcon_core.shell:Skip shell extension 'powershell' for command environment: Not usable outside of PowerShell
[1.875s] DEBUG:colcon.colcon_core.shell:Skip shell extension 'dsv' for command environment
[2.139s] INFO:colcon.colcon_core.task.python.build:Building Python package in '/home/kisangpark/workspace/ros2_ws/src/tutorial'
[2.140s] INFO:colcon.colcon_core.shell:Skip shell extension 'powershell' for command environment: Not usable outside of PowerShell
[2.140s] DEBUG:colcon.colcon_core.shell:Skip shell extension 'dsv' for command environment
[2.890s] DEBUG:colcon.colcon_core.event_handler.log_command:Invoking command in '/home/kisangpark/workspace/ros2_ws/build/ard_com': PYTHONPATH=/home/kisangpark/workspace/ros2_ws/build/ard_com/prefix_override:/usr/lib/python3/dist-packages/colcon_core/task/python/colcon_distutils_commands:/home/kisangpark/workspace/ros2_ws/install/ard_com/lib/python3.10/site-packages:${PYTHONPATH} /usr/bin/python3 -W ignore:setup.py install is deprecated -W ignore:easy_install command is deprecated setup.py develop --uninstall --editable --build-directory /home/kisangpark/workspace/ros2_ws/build/ard_com/build
[2.897s] DEBUG:colcon.colcon_core.event_handler.log_command:Invoking command in '/home/kisangpark/workspace/ros2_ws/build/tutorial': PYTHONPATH=/home/kisangpark/workspace/ros2_ws/build/tutorial/prefix_override:/usr/lib/python3/dist-packages/colcon_core/task/python/colcon_distutils_commands:/home/kisangpark/workspace/ros2_ws/install/tutorial/lib/python3.10/site-packages:${PYTHONPATH} /usr/bin/python3 -W ignore:setup.py install is deprecated -W ignore:easy_install command is deprecated setup.py develop --uninstall --editable --build-directory /home/kisangpark/workspace/ros2_ws/build/tutorial/build
[3.399s] DEBUG:colcon.colcon_core.event_handler.log_command:Invoked command in '/home/kisangpark/workspace/ros2_ws/build/tutorial' returned '0': PYTHONPATH=/home/kisangpark/workspace/ros2_ws/build/tutorial/prefix_override:/usr/lib/python3/dist-packages/colcon_core/task/python/colcon_distutils_commands:/home/kisangpark/workspace/ros2_ws/install/tutorial/lib/python3.10/site-packages:${PYTHONPATH} /usr/bin/python3 -W ignore:setup.py install is deprecated -W ignore:easy_install command is deprecated setup.py develop --uninstall --editable --build-directory /home/kisangpark/workspace/ros2_ws/build/tutorial/build
[3.403s] DEBUG:colcon.colcon_core.event_handler.log_command:Invoking command in '/home/kisangpark/workspace/ros2_ws/src/tutorial': PYTHONPATH=/home/kisangpark/workspace/ros2_ws/build/tutorial/prefix_override:/usr/lib/python3/dist-packages/colcon_core/task/python/colcon_distutils_commands:/home/kisangpark/workspace/ros2_ws/install/tutorial/lib/python3.10/site-packages:${PYTHONPATH} /usr/bin/python3 -W ignore:setup.py install is deprecated -W ignore:easy_install command is deprecated setup.py egg_info --egg-base ../../build/tutorial build --build-base /home/kisangpark/workspace/ros2_ws/build/tutorial/build install --record /home/kisangpark/workspace/ros2_ws/build/tutorial/install.log --single-version-externally-managed install_data --force
[3.415s] DEBUG:colcon.colcon_core.event_handler.log_command:Invoked command in '/home/kisangpark/workspace/ros2_ws/build/ard_com' returned '0': PYTHONPATH=/home/kisangpark/workspace/ros2_ws/build/ard_com/prefix_override:/usr/lib/python3/dist-packages/colcon_core/task/python/colcon_distutils_commands:/home/kisangpark/workspace/ros2_ws/install/ard_com/lib/python3.10/site-packages:${PYTHONPATH} /usr/bin/python3 -W ignore:setup.py install is deprecated -W ignore:easy_install command is deprecated setup.py develop --uninstall --editable --build-directory /home/kisangpark/workspace/ros2_ws/build/ard_com/build
[3.418s] DEBUG:colcon.colcon_core.event_handler.log_command:Invoking command in '/home/kisangpark/workspace/ros2_ws/src/ard_com': PYTHONPATH=/home/kisangpark/workspace/ros2_ws/build/ard_com/prefix_override:/usr/lib/python3/dist-packages/colcon_core/task/python/colcon_distutils_commands:/home/kisangpark/workspace/ros2_ws/install/ard_com/lib/python3.10/site-packages:${PYTHONPATH} /usr/bin/python3 -W ignore:setup.py install is deprecated -W ignore:easy_install command is deprecated setup.py egg_info --egg-base ../../build/ard_com build --build-base /home/kisangpark/workspace/ros2_ws/build/ard_com/build install --record /home/kisangpark/workspace/ros2_ws/build/ard_com/install.log --single-version-externally-managed install_data --force
[3.763s] DEBUG:colcon.colcon_core.event_handler.log_command:Invoked command in '/home/kisangpark/workspace/ros2_ws/src/tutorial' returned '0': PYTHONPATH=/home/kisangpark/workspace/ros2_ws/build/tutorial/prefix_override:/usr/lib/python3/dist-packages/colcon_core/task/python/colcon_distutils_commands:/home/kisangpark/workspace/ros2_ws/install/tutorial/lib/python3.10/site-packages:${PYTHONPATH} /usr/bin/python3 -W ignore:setup.py install is deprecated -W ignore:easy_install command is deprecated setup.py egg_info --egg-base ../../build/tutorial build --build-base /home/kisangpark/workspace/ros2_ws/build/tutorial/build install --record /home/kisangpark/workspace/ros2_ws/build/tutorial/install.log --single-version-externally-managed install_data --force
[3.780s] Level 1:colcon.colcon_core.environment:checking '/home/kisangpark/workspace/ros2_ws/install/tutorial' for CMake module files
[3.781s] Level 1:colcon.colcon_core.environment:checking '/home/kisangpark/workspace/ros2_ws/install/tutorial' for CMake config files
[3.783s] Level 1:colcon.colcon_core.environment:checking '/home/kisangpark/workspace/ros2_ws/install/tutorial/lib'
[3.783s] Level 1:colcon.colcon_core.environment:checking '/home/kisangpark/workspace/ros2_ws/install/tutorial/bin'
[3.783s] Level 1:colcon.colcon_core.environment:checking '/home/kisangpark/workspace/ros2_ws/install/tutorial/lib/pkgconfig/tutorial.pc'
[3.784s] Level 1:colcon.colcon_core.environment:checking '/home/kisangpark/workspace/ros2_ws/install/tutorial/lib/python3.10/site-packages'
[3.784s] Level 1:colcon.colcon_core.shell:create_environment_hook('tutorial', 'pythonpath')
[3.784s] INFO:colcon.colcon_core.shell:Creating environment hook '/home/kisangpark/workspace/ros2_ws/install/tutorial/share/tutorial/hook/pythonpath.ps1'
[3.785s] INFO:colcon.colcon_core.shell:Creating environment descriptor '/home/kisangpark/workspace/ros2_ws/install/tutorial/share/tutorial/hook/pythonpath.dsv'
[3.785s] INFO:colcon.colcon_core.shell:Creating environment hook '/home/kisangpark/workspace/ros2_ws/install/tutorial/share/tutorial/hook/pythonpath.sh'
[3.786s] Level 1:colcon.colcon_core.environment:checking '/home/kisangpark/workspace/ros2_ws/install/tutorial/bin'
[3.786s] Level 1:colcon.colcon_core.environment:create_environment_scripts_only(tutorial)
[3.786s] INFO:colcon.colcon_core.shell:Creating package script '/home/kisangpark/workspace/ros2_ws/install/tutorial/share/tutorial/package.ps1'
[3.788s] INFO:colcon.colcon_core.shell:Creating package descriptor '/home/kisangpark/workspace/ros2_ws/install/tutorial/share/tutorial/package.dsv'
[3.789s] INFO:colcon.colcon_core.shell:Creating package script '/home/kisangpark/workspace/ros2_ws/install/tutorial/share/tutorial/package.sh'
[3.791s] INFO:colcon.colcon_core.shell:Creating package script '/home/kisangpark/workspace/ros2_ws/install/tutorial/share/tutorial/package.bash'
[3.793s] INFO:colcon.colcon_core.shell:Creating package script '/home/kisangpark/workspace/ros2_ws/install/tutorial/share/tutorial/package.zsh'
[3.795s] Level 1:colcon.colcon_core.environment:create_file_with_runtime_dependencies(/home/kisangpark/workspace/ros2_ws/install/tutorial/share/colcon-core/packages/tutorial)
[3.798s] Level 1:colcon.colcon_core.environment:checking '/home/kisangpark/workspace/ros2_ws/install/ard_com' for CMake module files
[3.800s] DEBUG:colcon.colcon_core.event_handler.log_command:Invoked command in '/home/kisangpark/workspace/ros2_ws/src/ard_com' returned '0': PYTHONPATH=/home/kisangpark/workspace/ros2_ws/build/ard_com/prefix_override:/usr/lib/python3/dist-packages/colcon_core/task/python/colcon_distutils_commands:/home/kisangpark/workspace/ros2_ws/install/ard_com/lib/python3.10/site-packages:${PYTHONPATH} /usr/bin/python3 -W ignore:setup.py install is deprecated -W ignore:easy_install command is deprecated setup.py egg_info --egg-base ../../build/ard_com build --build-base /home/kisangpark/workspace/ros2_ws/build/ard_com/build install --record /home/kisangpark/workspace/ros2_ws/build/ard_com/install.log --single-version-externally-managed install_data --force
[3.800s] Level 1:colcon.colcon_core.environment:checking '/home/kisangpark/workspace/ros2_ws/install/ard_com' for CMake config files
[3.804s] Level 1:colcon.colcon_core.environment:checking '/home/kisangpark/workspace/ros2_ws/install/ard_com/lib'
[3.804s] Level 1:colcon.colcon_core.environment:checking '/home/kisangpark/workspace/ros2_ws/install/ard_com/bin'
[3.804s] Level 1:colcon.colcon_core.environment:checking '/home/kisangpark/workspace/ros2_ws/install/ard_com/lib/pkgconfig/ard_com.pc'
[3.804s] Level 1:colcon.colcon_core.environment:checking '/home/kisangpark/workspace/ros2_ws/install/ard_com/lib/python3.10/site-packages'
[3.804s] Level 1:colcon.colcon_core.shell:create_environment_hook('ard_com', 'pythonpath')
[3.804s] INFO:colcon.colcon_core.shell:Creating environment hook '/home/kisangpark/workspace/ros2_ws/install/ard_com/share/ard_com/hook/pythonpath.ps1'
[3.805s] INFO:colcon.colcon_core.shell:Creating environment descriptor '/home/kisangpark/workspace/ros2_ws/install/ard_com/share/ard_com/hook/pythonpath.dsv'
[3.805s] INFO:colcon.colcon_core.shell:Creating environment hook '/home/kisangpark/workspace/ros2_ws/install/ard_com/share/ard_com/hook/pythonpath.sh'
[3.806s] Level 1:colcon.colcon_core.environment:checking '/home/kisangpark/workspace/ros2_ws/install/ard_com/bin'
[3.806s] Level 1:colcon.colcon_core.environment:create_environment_scripts_only(ard_com)
[3.806s] INFO:colcon.colcon_core.shell:Creating package script '/home/kisangpark/workspace/ros2_ws/install/ard_com/share/ard_com/package.ps1'
[3.807s] INFO:colcon.colcon_core.shell:Creating package descriptor '/home/kisangpark/workspace/ros2_ws/install/ard_com/share/ard_com/package.dsv'
[3.808s] INFO:colcon.colcon_core.shell:Creating package script '/home/kisangpark/workspace/ros2_ws/install/ard_com/share/ard_com/package.sh'
[3.809s] INFO:colcon.colcon_core.shell:Creating package script '/home/kisangpark/workspace/ros2_ws/install/ard_com/share/ard_com/package.bash'
[3.809s] INFO:colcon.colcon_core.shell:Creating package script '/home/kisangpark/workspace/ros2_ws/install/ard_com/share/ard_com/package.zsh'
[3.810s] Level 1:colcon.colcon_core.environment:create_file_with_runtime_dependencies(/home/kisangpark/workspace/ros2_ws/install/ard_com/share/colcon-core/packages/ard_com)
[3.811s] DEBUG:colcon.colcon_parallel_executor.executor.parallel:closing loop
[3.811s] DEBUG:colcon.colcon_parallel_executor.executor.parallel:loop closed
[3.811s] DEBUG:colcon.colcon_parallel_executor.executor.parallel:run_until_complete finished with '0'
[3.812s] DEBUG:colcon.colcon_core.event_reactor:joining thread
[3.913s] INFO:colcon.colcon_core.plugin_system:Skipping extension 'colcon_notification.desktop_notification.notify_send': Could not find 'notify-send'
[3.913s] INFO:colcon.colcon_core.plugin_system:Skipping extension 'colcon_notification.desktop_notification.terminal_notifier': Not used on non-Darwin systems
[3.913s] INFO:colcon.colcon_core.plugin_system:Skipping extension 'colcon_notification.desktop_notification.win32': Not used on non-Windows systems
[3.913s] INFO:colcon.colcon_notification.desktop_notification:Sending desktop notification using 'notify2'
[3.914s] DEBUG:colcon.colcon_notification.desktop_notification.notify2:Failed to initialize notify2: org.freedesktop.DBus.Error.FileNotFound: Failed to connect to socket /run/user/1000/bus: No such file or directory
[3.914s] DEBUG:colcon.colcon_core.event_reactor:joined thread
[3.914s] INFO:colcon.colcon_core.shell:Creating prefix script '/home/kisangpark/workspace/ros2_ws/install/local_setup.ps1'
[3.916s] INFO:colcon.colcon_core.shell:Creating prefix util module '/home/kisangpark/workspace/ros2_ws/install/_local_setup_util_ps1.py'
[3.917s] INFO:colcon.colcon_core.shell:Creating prefix chain script '/home/kisangpark/workspace/ros2_ws/install/setup.ps1'
[3.919s] INFO:colcon.colcon_core.shell:Creating prefix script '/home/kisangpark/workspace/ros2_ws/install/local_setup.sh'
[3.920s] INFO:colcon.colcon_core.shell:Creating prefix util module '/home/kisangpark/workspace/ros2_ws/install/_local_setup_util_sh.py'
[3.920s] INFO:colcon.colcon_core.shell:Creating prefix chain script '/home/kisangpark/workspace/ros2_ws/install/setup.sh'
[3.923s] INFO:colcon.colcon_core.shell:Creating prefix script '/home/kisangpark/workspace/ros2_ws/install/local_setup.bash'
[3.924s] INFO:colcon.colcon_core.shell:Creating prefix chain script '/home/kisangpark/workspace/ros2_ws/install/setup.bash'
[3.926s] INFO:colcon.colcon_core.shell:Creating prefix script '/home/kisangpark/workspace/ros2_ws/install/local_setup.zsh'
[3.927s] INFO:colcon.colcon_core.shell:Creating prefix chain script '/home/kisangpark/workspace/ros2_ws/install/setup.zsh'
