running egg_info
creating ../../build/ard_com/ard_com.egg-info
writing ../../build/ard_com/ard_com.egg-info/PKG-INFO
writing dependency_links to ../../build/ard_com/ard_com.egg-info/dependency_links.txt
writing entry points to ../../build/ard_com/ard_com.egg-info/entry_points.txt
writing requirements to ../../build/ard_com/ard_com.egg-info/requires.txt
writing top-level names to ../../build/ard_com/ard_com.egg-info/top_level.txt
writing manifest file '../../build/ard_com/ard_com.egg-info/SOURCES.txt'
reading manifest file '../../build/ard_com/ard_com.egg-info/SOURCES.txt'
writing manifest file '../../build/ard_com/ard_com.egg-info/SOURCES.txt'
running build
running build_py
creating /home/kisangpark/workspace/ros2_ws/build/ard_com/build
creating /home/kisangpark/workspace/ros2_ws/build/ard_com/build/lib
creating /home/kisangpark/workspace/ros2_ws/build/ard_com/build/lib/ard_com
copying ard_com/serial_example.py -> /home/kisangpark/workspace/ros2_ws/build/ard_com/build/lib/ard_com
copying ard_com/__init__.py -> /home/kisangpark/workspace/ros2_ws/build/ard_com/build/lib/ard_com
running install
running install_lib
creating /home/kisangpark/workspace/ros2_ws/install/ard_com/lib/python3.10/site-packages/ard_com
copying /home/kisangpark/workspace/ros2_ws/build/ard_com/build/lib/ard_com/serial_example.py -> /home/kisangpark/workspace/ros2_ws/install/ard_com/lib/python3.10/site-packages/ard_com
copying /home/kisangpark/workspace/ros2_ws/build/ard_com/build/lib/ard_com/__init__.py -> /home/kisangpark/workspace/ros2_ws/install/ard_com/lib/python3.10/site-packages/ard_com
byte-compiling /home/kisangpark/workspace/ros2_ws/install/ard_com/lib/python3.10/site-packages/ard_com/serial_example.py to serial_example.cpython-310.pyc
byte-compiling /home/kisangpark/workspace/ros2_ws/install/ard_com/lib/python3.10/site-packages/ard_com/__init__.py to __init__.cpython-310.pyc
running install_data
creating /home/kisangpark/workspace/ros2_ws/install/ard_com/share/ament_index
creating /home/kisangpark/workspace/ros2_ws/install/ard_com/share/ament_index/resource_index
creating /home/kisangpark/workspace/ros2_ws/install/ard_com/share/ament_index/resource_index/packages
copying resource/ard_com -> /home/kisangpark/workspace/ros2_ws/install/ard_com/share/ament_index/resource_index/packages
copying package.xml -> /home/kisangpark/workspace/ros2_ws/install/ard_com/share/ard_com
creating /home/kisangpark/workspace/ros2_ws/install/ard_com/share/ard_com/launch
running install_egg_info
Copying ../../build/ard_com/ard_com.egg-info to /home/kisangpark/workspace/ros2_ws/install/ard_com/lib/python3.10/site-packages/ard_com-0.0.0-py3.10.egg-info
running install_scripts
Installing serial_example script to /home/kisangpark/workspace/ros2_ws/install/ard_com/lib/ard_com
writing list of installed files to '/home/kisangpark/workspace/ros2_ws/build/ard_com/install.log'
