[1.527s] Invoking command in '/home/kisangpark/workspace/ros2_ws/src/ard_com': PYTHONPATH=/home/kisangpark/workspace/ros2_ws/build/ard_com/prefix_override:/usr/lib/python3/dist-packages/colcon_core/task/python/colcon_distutils_commands:/home/kisangpark/workspace/ros2_ws/install/ard_com/lib/python3.10/site-packages:${PYTHONPATH} /usr/bin/python3 -W ignore:setup.py install is deprecated -W ignore:easy_install command is deprecated setup.py egg_info --egg-base ../../build/ard_com build --build-base /home/kisangpark/workspace/ros2_ws/build/ard_com/build install --record /home/kisangpark/workspace/ros2_ws/build/ard_com/install.log --single-version-externally-managed install_data
[1.744s] running egg_info
[1.745s] creating ../../build/ard_com/ard_com.egg-info
[1.745s] writing ../../build/ard_com/ard_com.egg-info/PKG-INFO
[1.746s] writing dependency_links to ../../build/ard_com/ard_com.egg-info/dependency_links.txt
[1.746s] writing entry points to ../../build/ard_com/ard_com.egg-info/entry_points.txt
[1.747s] writing requirements to ../../build/ard_com/ard_com.egg-info/requires.txt
[1.747s] writing top-level names to ../../build/ard_com/ard_com.egg-info/top_level.txt
[1.748s] writing manifest file '../../build/ard_com/ard_com.egg-info/SOURCES.txt'
[1.750s] reading manifest file '../../build/ard_com/ard_com.egg-info/SOURCES.txt'
[1.750s] writing manifest file '../../build/ard_com/ard_com.egg-info/SOURCES.txt'
[1.751s] running build
[1.751s] running build_py
[1.752s] creating /home/kisangpark/workspace/ros2_ws/build/ard_com/build
[1.753s] creating /home/kisangpark/workspace/ros2_ws/build/ard_com/build/lib
[1.753s] creating /home/kisangpark/workspace/ros2_ws/build/ard_com/build/lib/ard_com
[1.753s] copying ard_com/serial_example.py -> /home/kisangpark/workspace/ros2_ws/build/ard_com/build/lib/ard_com
[1.753s] copying ard_com/__init__.py -> /home/kisangpark/workspace/ros2_ws/build/ard_com/build/lib/ard_com
[1.753s] running install
[1.755s] running install_lib
[1.755s] creating /home/kisangpark/workspace/ros2_ws/install/ard_com/lib/python3.10/site-packages/ard_com
[1.755s] copying /home/kisangpark/workspace/ros2_ws/build/ard_com/build/lib/ard_com/serial_example.py -> /home/kisangpark/workspace/ros2_ws/install/ard_com/lib/python3.10/site-packages/ard_com
[1.755s] copying /home/kisangpark/workspace/ros2_ws/build/ard_com/build/lib/ard_com/__init__.py -> /home/kisangpark/workspace/ros2_ws/install/ard_com/lib/python3.10/site-packages/ard_com
[1.755s] byte-compiling /home/kisangpark/workspace/ros2_ws/install/ard_com/lib/python3.10/site-packages/ard_com/serial_example.py to serial_example.cpython-310.pyc
[1.756s] byte-compiling /home/kisangpark/workspace/ros2_ws/install/ard_com/lib/python3.10/site-packages/ard_com/__init__.py to __init__.cpython-310.pyc
[1.756s] running install_data
[1.756s] creating /home/kisangpark/workspace/ros2_ws/install/ard_com/share/ament_index
[1.757s] creating /home/kisangpark/workspace/ros2_ws/install/ard_com/share/ament_index/resource_index
[1.757s] creating /home/kisangpark/workspace/ros2_ws/install/ard_com/share/ament_index/resource_index/packages
[1.758s] copying resource/ard_com -> /home/kisangpark/workspace/ros2_ws/install/ard_com/share/ament_index/resource_index/packages
[1.758s] copying package.xml -> /home/kisangpark/workspace/ros2_ws/install/ard_com/share/ard_com
[1.758s] creating /home/kisangpark/workspace/ros2_ws/install/ard_com/share/ard_com/launch
[1.759s] running install_egg_info
[1.759s] Copying ../../build/ard_com/ard_com.egg-info to /home/kisangpark/workspace/ros2_ws/install/ard_com/lib/python3.10/site-packages/ard_com-0.0.0-py3.10.egg-info
[1.759s] running install_scripts
[1.783s] Installing serial_example script to /home/kisangpark/workspace/ros2_ws/install/ard_com/lib/ard_com
[1.784s] writing list of installed files to '/home/kisangpark/workspace/ros2_ws/build/ard_com/install.log'
[1.856s] Invoked command in '/home/kisangpark/workspace/ros2_ws/src/ard_com' returned '0': PYTHONPATH=/home/kisangpark/workspace/ros2_ws/build/ard_com/prefix_override:/usr/lib/python3/dist-packages/colcon_core/task/python/colcon_distutils_commands:/home/kisangpark/workspace/ros2_ws/install/ard_com/lib/python3.10/site-packages:${PYTHONPATH} /usr/bin/python3 -W ignore:setup.py install is deprecated -W ignore:easy_install command is deprecated setup.py egg_info --egg-base ../../build/ard_com build --build-base /home/kisangpark/workspace/ros2_ws/build/ard_com/build install --record /home/kisangpark/workspace/ros2_ws/build/ard_com/install.log --single-version-externally-managed install_data
